The system is: Linux - 4.15.0-66-generic - x86_64
Compiling the C compiler identification source file "CMakeCCompilerId.c" succeeded.
Compiler: /usr/bin/cc 
Build flags: 
Id flags: 

The output was:
0


Compilation of the C compiler identification source "CMakeCCompilerId.c" produced "a.out"

The C compiler identification is GNU, found in "/home/agustin/lidar_ws/build/ceres-solver/CMakeFiles/3.5.1/CompilerIdC/a.out"

Compiling the CXX compiler identification source file "CMakeCXXCompilerId.cpp" succeeded.
Compiler: /usr/bin/c++ 
Build flags: 
Id flags: 

The output was:
0


Compilation of the CXX compiler identification source "CMakeCXXCompilerId.cpp" produced "a.out"

The CXX compiler identification is GNU, found in "/home/agustin/lidar_ws/build/ceres-solver/CMakeFiles/3.5.1/CompilerIdCXX/a.out"

Determining if the C compiler works passed with the following output:
Change Dir: /home/agustin/lidar_ws/build/ceres-solver/CMakeFiles/CMakeTmp

Run Build Command:"/usr/bin/make" "cmTC_17f5b/fast"
/usr/bin/make -f CMakeFiles/cmTC_17f5b.dir/build.make CMakeFiles/cmTC_17f5b.dir/build
make[1]: Entering directory '/home/agustin/lidar_ws/build/ceres-solver/CMakeFiles/CMakeTmp'
Building C object CMakeFiles/cmTC_17f5b.dir/testCCompiler.c.o
/usr/bin/cc     -o CMakeFiles/cmTC_17f5b.dir/testCCompiler.c.o   -c /home/agustin/lidar_ws/build/ceres-solver/CMakeFiles/CMakeTmp/testCCompiler.c
Linking C executable cmTC_17f5b
/usr/bin/cmake -E cmake_link_script CMakeFiles/cmTC_17f5b.dir/link.txt --verbose=1
/usr/bin/cc       CMakeFiles/cmTC_17f5b.dir/testCCompiler.c.o  -o cmTC_17f5b -rdynamic 
make[1]: Leaving directory '/home/agustin/lidar_ws/build/ceres-solver/CMakeFiles/CMakeTmp'


Detecting C compiler ABI info compiled with the following output:
Change Dir: /home/agustin/lidar_ws/build/ceres-solver/CMakeFiles/CMakeTmp

Run Build Command:"/usr/bin/make" "cmTC_43a10/fast"
/usr/bin/make -f CMakeFiles/cmTC_43a10.dir/build.make CMakeFiles/cmTC_43a10.dir/build
make[1]: Entering directory '/home/agustin/lidar_ws/build/ceres-solver/CMakeFiles/CMakeTmp'
Building C object CMakeFiles/cmTC_43a10.dir/CMakeCCompilerABI.c.o
/usr/bin/cc     -o CMakeFiles/cmTC_43a10.dir/CMakeCCompilerABI.c.o   -c /usr/share/cmake-3.5/Modules/CMakeCCompilerABI.c
Linking C executable cmTC_43a10
/usr/bin/cmake -E cmake_link_script CMakeFiles/cmTC_43a10.dir/link.txt --verbose=1
/usr/bin/cc      -v CMakeFiles/cmTC_43a10.dir/CMakeCCompilerABI.c.o  -o cmTC_43a10 -rdynamic  
Using built-in specs.
COLLECT_GCC=/usr/bin/cc
COLLECT_LTO_WRAPPER=/usr/lib/gcc/x86_64-linux-gnu/5/lto-wrapper
Target: x86_64-linux-gnu
Configured with: ../src/configure -v --with-pkgversion='Ubuntu 5.4.0-6ubuntu1~16.04.11' --with-bugurl=file:///usr/share/doc/gcc-5/README.Bugs --enable-languages=c,ada,c++,java,go,d,fortran,objc,obj-c++ --prefix=/usr --program-suffix=-5 --enable-shared --enable-linker-build-id --libexecdir=/usr/lib --without-included-gettext --enable-threads=posix --libdir=/usr/lib --enable-nls --with-sysroot=/ --enable-clocale=gnu --enable-libstdcxx-debug --enable-libstdcxx-time=yes --with-default-libstdcxx-abi=new --enable-gnu-unique-object --disable-vtable-verify --enable-libmpx --enable-plugin --with-system-zlib --disable-browser-plugin --enable-java-awt=gtk --enable-gtk-cairo --with-java-home=/usr/lib/jvm/java-1.5.0-gcj-5-amd64/jre --enable-java-home --with-jvm-root-dir=/usr/lib/jvm/java-1.5.0-gcj-5-amd64 --with-jvm-jar-dir=/usr/lib/jvm-exports/java-1.5.0-gcj-5-amd64 --with-arch-directory=amd64 --with-ecj-jar=/usr/share/java/eclipse-ecj.jar --enable-objc-gc --enable-multiarch --disable-werror --with-arch-32=i686 --with-abi=m64 --with-multilib-list=m32,m64,mx32 --enable-multilib --with-tune=generic --enable-checking=release --build=x86_64-linux-gnu --host=x86_64-linux-gnu --target=x86_64-linux-gnu
Thread model: posix
gcc version 5.4.0 20160609 (Ubuntu 5.4.0-6ubuntu1~16.04.11) 
COMPILER_PATH=/usr/lib/gcc/x86_64-linux-gnu/5/:/usr/lib/gcc/x86_64-linux-gnu/5/:/usr/lib/gcc/x86_64-linux-gnu/:/usr/lib/gcc/x86_64-linux-gnu/5/:/usr/lib/gcc/x86_64-linux-gnu/
LIBRARY_PATH=/usr/lib/gcc/x86_64-linux-gnu/5/:/usr/lib/gcc/x86_64-linux-gnu/5/../../../x86_64-linux-gnu/:/usr/lib/gcc/x86_64-linux-gnu/5/../../../../lib/:/lib/x86_64-linux-gnu/:/lib/../lib/:/usr/lib/x86_64-linux-gnu/:/usr/lib/../lib/:/usr/lib/gcc/x86_64-linux-gnu/5/../../../:/lib/:/usr/lib/
COLLECT_GCC_OPTIONS='-v' '-o' 'cmTC_43a10' '-rdynamic' '-mtune=generic' '-march=x86-64'
 /usr/lib/gcc/x86_64-linux-gnu/5/collect2 -plugin /usr/lib/gcc/x86_64-linux-gnu/5/liblto_plugin.so -plugin-opt=/usr/lib/gcc/x86_64-linux-gnu/5/lto-wrapper -plugin-opt=-fresolution=/tmp/ccGJQgt4.res -plugin-opt=-pass-through=-lgcc -plugin-opt=-pass-through=-lgcc_s -plugin-opt=-pass-through=-lc -plugin-opt=-pass-through=-lgcc -plugin-opt=-pass-through=-lgcc_s --sysroot=/ --build-id --eh-frame-hdr -m elf_x86_64 --hash-style=gnu --as-needed -export-dynamic -dynamic-linker /lib64/ld-linux-x86-64.so.2 -z relro -o cmTC_43a10 /usr/lib/gcc/x86_64-linux-gnu/5/../../../x86_64-linux-gnu/crt1.o /usr/lib/gcc/x86_64-linux-gnu/5/../../../x86_64-linux-gnu/crti.o /usr/lib/gcc/x86_64-linux-gnu/5/crtbegin.o -L/usr/lib/gcc/x86_64-linux-gnu/5 -L/usr/lib/gcc/x86_64-linux-gnu/5/../../../x86_64-linux-gnu -L/usr/lib/gcc/x86_64-linux-gnu/5/../../../../lib -L/lib/x86_64-linux-gnu -L/lib/../lib -L/usr/lib/x86_64-linux-gnu -L/usr/lib/../lib -L/usr/lib/gcc/x86_64-linux-gnu/5/../../.. CMakeFiles/cmTC_43a10.dir/CMakeCCompilerABI.c.o -lgcc --as-needed -lgcc_s --no-as-needed -lc -lgcc --as-needed -lgcc_s --no-as-needed /usr/lib/gcc/x86_64-linux-gnu/5/crtend.o /usr/lib/gcc/x86_64-linux-gnu/5/../../../x86_64-linux-gnu/crtn.o
make[1]: Leaving directory '/home/agustin/lidar_ws/build/ceres-solver/CMakeFiles/CMakeTmp'


Parsed C implicit link information from above output:
  link line regex: [^( *|.*[/\])(ld|([^/\]+-)?ld|collect2)[^/\]*( |$)]
  ignore line: [Change Dir: /home/agustin/lidar_ws/build/ceres-solver/CMakeFiles/CMakeTmp]
  ignore line: []
  ignore line: [Run Build Command:"/usr/bin/make" "cmTC_43a10/fast"]
  ignore line: [/usr/bin/make -f CMakeFiles/cmTC_43a10.dir/build.make CMakeFiles/cmTC_43a10.dir/build]
  ignore line: [make[1]: Entering directory '/home/agustin/lidar_ws/build/ceres-solver/CMakeFiles/CMakeTmp']
  ignore line: [Building C object CMakeFiles/cmTC_43a10.dir/CMakeCCompilerABI.c.o]
  ignore line: [/usr/bin/cc     -o CMakeFiles/cmTC_43a10.dir/CMakeCCompilerABI.c.o   -c /usr/share/cmake-3.5/Modules/CMakeCCompilerABI.c]
  ignore line: [Linking C executable cmTC_43a10]
  ignore line: [/usr/bin/cmake -E cmake_link_script CMakeFiles/cmTC_43a10.dir/link.txt --verbose=1]
  ignore line: [/usr/bin/cc      -v CMakeFiles/cmTC_43a10.dir/CMakeCCompilerABI.c.o  -o cmTC_43a10 -rdynamic  ]
  ignore line: [Using built-in specs.]
  ignore line: [COLLECT_GCC=/usr/bin/cc]
  ignore line: [COLLECT_LTO_WRAPPER=/usr/lib/gcc/x86_64-linux-gnu/5/lto-wrapper]
  ignore line: [Target: x86_64-linux-gnu]
  ignore line: [Configured with: ../src/configure -v --with-pkgversion='Ubuntu 5.4.0-6ubuntu1~16.04.11' --with-bugurl=file:///usr/share/doc/gcc-5/README.Bugs --enable-languages=c,ada,c++,java,go,d,fortran,objc,obj-c++ --prefix=/usr --program-suffix=-5 --enable-shared --enable-linker-build-id --libexecdir=/usr/lib --without-included-gettext --enable-threads=posix --libdir=/usr/lib --enable-nls --with-sysroot=/ --enable-clocale=gnu --enable-libstdcxx-debug --enable-libstdcxx-time=yes --with-default-libstdcxx-abi=new --enable-gnu-unique-object --disable-vtable-verify --enable-libmpx --enable-plugin --with-system-zlib --disable-browser-plugin --enable-java-awt=gtk --enable-gtk-cairo --with-java-home=/usr/lib/jvm/java-1.5.0-gcj-5-amd64/jre --enable-java-home --with-jvm-root-dir=/usr/lib/jvm/java-1.5.0-gcj-5-amd64 --with-jvm-jar-dir=/usr/lib/jvm-exports/java-1.5.0-gcj-5-amd64 --with-arch-directory=amd64 --with-ecj-jar=/usr/share/java/eclipse-ecj.jar --enable-objc-gc --enable-multiarch --disable-werror --with-arch-32=i686 --with-abi=m64 --with-multilib-list=m32,m64,mx32 --enable-multilib --with-tune=generic --enable-checking=release --build=x86_64-linux-gnu --host=x86_64-linux-gnu --target=x86_64-linux-gnu]
  ignore line: [Thread model: posix]
  ignore line: [gcc version 5.4.0 20160609 (Ubuntu 5.4.0-6ubuntu1~16.04.11) ]
  ignore line: [COMPILER_PATH=/usr/lib/gcc/x86_64-linux-gnu/5/:/usr/lib/gcc/x86_64-linux-gnu/5/:/usr/lib/gcc/x86_64-linux-gnu/:/usr/lib/gcc/x86_64-linux-gnu/5/:/usr/lib/gcc/x86_64-linux-gnu/]
  ignore line: [LIBRARY_PATH=/usr/lib/gcc/x86_64-linux-gnu/5/:/usr/lib/gcc/x86_64-linux-gnu/5/../../../x86_64-linux-gnu/:/usr/lib/gcc/x86_64-linux-gnu/5/../../../../lib/:/lib/x86_64-linux-gnu/:/lib/../lib/:/usr/lib/x86_64-linux-gnu/:/usr/lib/../lib/:/usr/lib/gcc/x86_64-linux-gnu/5/../../../:/lib/:/usr/lib/]
  ignore line: [COLLECT_GCC_OPTIONS='-v' '-o' 'cmTC_43a10' '-rdynamic' '-mtune=generic' '-march=x86-64']
  link line: [ /usr/lib/gcc/x86_64-linux-gnu/5/collect2 -plugin /usr/lib/gcc/x86_64-linux-gnu/5/liblto_plugin.so -plugin-opt=/usr/lib/gcc/x86_64-linux-gnu/5/lto-wrapper -plugin-opt=-fresolution=/tmp/ccGJQgt4.res -plugin-opt=-pass-through=-lgcc -plugin-opt=-pass-through=-lgcc_s -plugin-opt=-pass-through=-lc -plugin-opt=-pass-through=-lgcc -plugin-opt=-pass-through=-lgcc_s --sysroot=/ --build-id --eh-frame-hdr -m elf_x86_64 --hash-style=gnu --as-needed -export-dynamic -dynamic-linker /lib64/ld-linux-x86-64.so.2 -z relro -o cmTC_43a10 /usr/lib/gcc/x86_64-linux-gnu/5/../../../x86_64-linux-gnu/crt1.o /usr/lib/gcc/x86_64-linux-gnu/5/../../../x86_64-linux-gnu/crti.o /usr/lib/gcc/x86_64-linux-gnu/5/crtbegin.o -L/usr/lib/gcc/x86_64-linux-gnu/5 -L/usr/lib/gcc/x86_64-linux-gnu/5/../../../x86_64-linux-gnu -L/usr/lib/gcc/x86_64-linux-gnu/5/../../../../lib -L/lib/x86_64-linux-gnu -L/lib/../lib -L/usr/lib/x86_64-linux-gnu -L/usr/lib/../lib -L/usr/lib/gcc/x86_64-linux-gnu/5/../../.. CMakeFiles/cmTC_43a10.dir/CMakeCCompilerABI.c.o -lgcc --as-needed -lgcc_s --no-as-needed -lc -lgcc --as-needed -lgcc_s --no-as-needed /usr/lib/gcc/x86_64-linux-gnu/5/crtend.o /usr/lib/gcc/x86_64-linux-gnu/5/../../../x86_64-linux-gnu/crtn.o]
    arg [/usr/lib/gcc/x86_64-linux-gnu/5/collect2] ==> ignore
    arg [-plugin] ==> ignore
    arg [/usr/lib/gcc/x86_64-linux-gnu/5/liblto_plugin.so] ==> ignore
    arg [-plugin-opt=/usr/lib/gcc/x86_64-linux-gnu/5/lto-wrapper] ==> ignore
    arg [-plugin-opt=-fresolution=/tmp/ccGJQgt4.res] ==> ignore
    arg [-plugin-opt=-pass-through=-lgcc] ==> ignore
    arg [-plugin-opt=-pass-through=-lgcc_s] ==> ignore
    arg [-plugin-opt=-pass-through=-lc] ==> ignore
    arg [-plugin-opt=-pass-through=-lgcc] ==> ignore
    arg [-plugin-opt=-pass-through=-lgcc_s] ==> ignore
    arg [--sysroot=/] ==> ignore
    arg [--build-id] ==> ignore
    arg [--eh-frame-hdr] ==> ignore
    arg [-m] ==> ignore
    arg [elf_x86_64] ==> ignore
    arg [--hash-style=gnu] ==> ignore
    arg [--as-needed] ==> ignore
    arg [-export-dynamic] ==> ignore
    arg [-dynamic-linker] ==> ignore
    arg [/lib64/ld-linux-x86-64.so.2] ==> ignore
    arg [-zrelro] ==> ignore
    arg [-o] ==> ignore
    arg [cmTC_43a10] ==> ignore
    arg [/usr/lib/gcc/x86_64-linux-gnu/5/../../../x86_64-linux-gnu/crt1.o] ==> ignore
    arg [/usr/lib/gcc/x86_64-linux-gnu/5/../../../x86_64-linux-gnu/crti.o] ==> ignore
    arg [/usr/lib/gcc/x86_64-linux-gnu/5/crtbegin.o] ==> ignore
    arg [-L/usr/lib/gcc/x86_64-linux-gnu/5] ==> dir [/usr/lib/gcc/x86_64-linux-gnu/5]
    arg [-L/usr/lib/gcc/x86_64-linux-gnu/5/../../../x86_64-linux-gnu] ==> dir [/usr/lib/gcc/x86_64-linux-gnu/5/../../../x86_64-linux-gnu]
    arg [-L/usr/lib/gcc/x86_64-linux-gnu/5/../../../../lib] ==> dir [/usr/lib/gcc/x86_64-linux-gnu/5/../../../../lib]
    arg [-L/lib/x86_64-linux-gnu] ==> dir [/lib/x86_64-linux-gnu]
    arg [-L/lib/../lib] ==> dir [/lib/../lib]
    arg [-L/usr/lib/x86_64-linux-gnu] ==> dir [/usr/lib/x86_64-linux-gnu]
    arg [-L/usr/lib/../lib] ==> dir [/usr/lib/../lib]
    arg [-L/usr/lib/gcc/x86_64-linux-gnu/5/../../..] ==> dir [/usr/lib/gcc/x86_64-linux-gnu/5/../../..]
    arg [CMakeFiles/cmTC_43a10.dir/CMakeCCompilerABI.c.o] ==> ignore
    arg [-lgcc] ==> lib [gcc]
    arg [--as-needed] ==> ignore
    arg [-lgcc_s] ==> lib [gcc_s]
    arg [--no-as-needed] ==> ignore
    arg [-lc] ==> lib [c]
    arg [-lgcc] ==> lib [gcc]
    arg [--as-needed] ==> ignore
    arg [-lgcc_s] ==> lib [gcc_s]
    arg [--no-as-needed] ==> ignore
    arg [/usr/lib/gcc/x86_64-linux-gnu/5/crtend.o] ==> ignore
    arg [/usr/lib/gcc/x86_64-linux-gnu/5/../../../x86_64-linux-gnu/crtn.o] ==> ignore
  remove lib [gcc]
  remove lib [gcc_s]
  remove lib [gcc]
  remove lib [gcc_s]
  collapse library dir [/usr/lib/gcc/x86_64-linux-gnu/5] ==> [/usr/lib/gcc/x86_64-linux-gnu/5]
  collapse library dir [/usr/lib/gcc/x86_64-linux-gnu/5/../../../x86_64-linux-gnu] ==> [/usr/lib/x86_64-linux-gnu]
  collapse library dir [/usr/lib/gcc/x86_64-linux-gnu/5/../../../../lib] ==> [/usr/lib]
  collapse library dir [/lib/x86_64-linux-gnu] ==> [/lib/x86_64-linux-gnu]
  collapse library dir [/lib/../lib] ==> [/lib]
  collapse library dir [/usr/lib/x86_64-linux-gnu] ==> [/usr/lib/x86_64-linux-gnu]
  collapse library dir [/usr/lib/../lib] ==> [/usr/lib]
  collapse library dir [/usr/lib/gcc/x86_64-linux-gnu/5/../../..] ==> [/usr/lib]
  implicit libs: [c]
  implicit dirs: [/usr/lib/gcc/x86_64-linux-gnu/5;/usr/lib/x86_64-linux-gnu;/usr/lib;/lib/x86_64-linux-gnu;/lib]
  implicit fwks: []




Detecting C [-std=c11] compiler features compiled with the following output:
Change Dir: /home/agustin/lidar_ws/build/ceres-solver/CMakeFiles/CMakeTmp

Run Build Command:"/usr/bin/make" "cmTC_9f030/fast"
/usr/bin/make -f CMakeFiles/cmTC_9f030.dir/build.make CMakeFiles/cmTC_9f030.dir/build
make[1]: Entering directory '/home/agustin/lidar_ws/build/ceres-solver/CMakeFiles/CMakeTmp'
Building C object CMakeFiles/cmTC_9f030.dir/feature_tests.c.o
/usr/bin/cc    -std=c11 -o CMakeFiles/cmTC_9f030.dir/feature_tests.c.o   -c /home/agustin/lidar_ws/build/ceres-solver/CMakeFiles/feature_tests.c
Linking C executable cmTC_9f030
/usr/bin/cmake -E cmake_link_script CMakeFiles/cmTC_9f030.dir/link.txt --verbose=1
/usr/bin/cc       CMakeFiles/cmTC_9f030.dir/feature_tests.c.o  -o cmTC_9f030 -rdynamic 
make[1]: Leaving directory '/home/agustin/lidar_ws/build/ceres-solver/CMakeFiles/CMakeTmp'


    Feature record: C_FEATURE:1c_function_prototypes
    Feature record: C_FEATURE:1c_restrict
    Feature record: C_FEATURE:1c_static_assert
    Feature record: C_FEATURE:1c_variadic_macros


Detecting C [-std=c99] compiler features compiled with the following output:
Change Dir: /home/agustin/lidar_ws/build/ceres-solver/CMakeFiles/CMakeTmp

Run Build Command:"/usr/bin/make" "cmTC_5e028/fast"
/usr/bin/make -f CMakeFiles/cmTC_5e028.dir/build.make CMakeFiles/cmTC_5e028.dir/build
make[1]: Entering directory '/home/agustin/lidar_ws/build/ceres-solver/CMakeFiles/CMakeTmp'
Building C object CMakeFiles/cmTC_5e028.dir/feature_tests.c.o
/usr/bin/cc    -std=c99 -o CMakeFiles/cmTC_5e028.dir/feature_tests.c.o   -c /home/agustin/lidar_ws/build/ceres-solver/CMakeFiles/feature_tests.c
Linking C executable cmTC_5e028
/usr/bin/cmake -E cmake_link_script CMakeFiles/cmTC_5e028.dir/link.txt --verbose=1
/usr/bin/cc       CMakeFiles/cmTC_5e028.dir/feature_tests.c.o  -o cmTC_5e028 -rdynamic 
make[1]: Leaving directory '/home/agustin/lidar_ws/build/ceres-solver/CMakeFiles/CMakeTmp'


    Feature record: C_FEATURE:1c_function_prototypes
    Feature record: C_FEATURE:1c_restrict
    Feature record: C_FEATURE:0c_static_assert
    Feature record: C_FEATURE:1c_variadic_macros


Detecting C [-std=c90] compiler features compiled with the following output:
Change Dir: /home/agustin/lidar_ws/build/ceres-solver/CMakeFiles/CMakeTmp

Run Build Command:"/usr/bin/make" "cmTC_b3d98/fast"
/usr/bin/make -f CMakeFiles/cmTC_b3d98.dir/build.make CMakeFiles/cmTC_b3d98.dir/build
make[1]: Entering directory '/home/agustin/lidar_ws/build/ceres-solver/CMakeFiles/CMakeTmp'
Building C object CMakeFiles/cmTC_b3d98.dir/feature_tests.c.o
/usr/bin/cc    -std=c90 -o CMakeFiles/cmTC_b3d98.dir/feature_tests.c.o   -c /home/agustin/lidar_ws/build/ceres-solver/CMakeFiles/feature_tests.c
Linking C executable cmTC_b3d98
/usr/bin/cmake -E cmake_link_script CMakeFiles/cmTC_b3d98.dir/link.txt --verbose=1
/usr/bin/cc       CMakeFiles/cmTC_b3d98.dir/feature_tests.c.o  -o cmTC_b3d98 -rdynamic 
make[1]: Leaving directory '/home/agustin/lidar_ws/build/ceres-solver/CMakeFiles/CMakeTmp'


    Feature record: C_FEATURE:1c_function_prototypes
    Feature record: C_FEATURE:0c_restrict
    Feature record: C_FEATURE:0c_static_assert
    Feature record: C_FEATURE:0c_variadic_macros
Determining if the CXX compiler works passed with the following output:
Change Dir: /home/agustin/lidar_ws/build/ceres-solver/CMakeFiles/CMakeTmp

Run Build Command:"/usr/bin/make" "cmTC_24563/fast"
/usr/bin/make -f CMakeFiles/cmTC_24563.dir/build.make CMakeFiles/cmTC_24563.dir/build
make[1]: Entering directory '/home/agustin/lidar_ws/build/ceres-solver/CMakeFiles/CMakeTmp'
Building CXX object CMakeFiles/cmTC_24563.dir/testCXXCompiler.cxx.o
/usr/bin/c++      -o CMakeFiles/cmTC_24563.dir/testCXXCompiler.cxx.o -c /home/agustin/lidar_ws/build/ceres-solver/CMakeFiles/CMakeTmp/testCXXCompiler.cxx
Linking CXX executable cmTC_24563
/usr/bin/cmake -E cmake_link_script CMakeFiles/cmTC_24563.dir/link.txt --verbose=1
/usr/bin/c++        CMakeFiles/cmTC_24563.dir/testCXXCompiler.cxx.o  -o cmTC_24563 -rdynamic 
make[1]: Leaving directory '/home/agustin/lidar_ws/build/ceres-solver/CMakeFiles/CMakeTmp'


Detecting CXX compiler ABI info compiled with the following output:
Change Dir: /home/agustin/lidar_ws/build/ceres-solver/CMakeFiles/CMakeTmp

Run Build Command:"/usr/bin/make" "cmTC_2619e/fast"
/usr/bin/make -f CMakeFiles/cmTC_2619e.dir/build.make CMakeFiles/cmTC_2619e.dir/build
make[1]: Entering directory '/home/agustin/lidar_ws/build/ceres-solver/CMakeFiles/CMakeTmp'
Building CXX object CMakeFiles/cmTC_2619e.dir/CMakeCXXCompilerABI.cpp.o
/usr/bin/c++      -o CMakeFiles/cmTC_2619e.dir/CMakeCXXCompilerABI.cpp.o -c /usr/share/cmake-3.5/Modules/CMakeCXXCompilerABI.cpp
Linking CXX executable cmTC_2619e
/usr/bin/cmake -E cmake_link_script CMakeFiles/cmTC_2619e.dir/link.txt --verbose=1
/usr/bin/c++       -v CMakeFiles/cmTC_2619e.dir/CMakeCXXCompilerABI.cpp.o  -o cmTC_2619e -rdynamic  
Using built-in specs.
COLLECT_GCC=/usr/bin/c++
COLLECT_LTO_WRAPPER=/usr/lib/gcc/x86_64-linux-gnu/5/lto-wrapper
Target: x86_64-linux-gnu
Configured with: ../src/configure -v --with-pkgversion='Ubuntu 5.4.0-6ubuntu1~16.04.11' --with-bugurl=file:///usr/share/doc/gcc-5/README.Bugs --enable-languages=c,ada,c++,java,go,d,fortran,objc,obj-c++ --prefix=/usr --program-suffix=-5 --enable-shared --enable-linker-build-id --libexecdir=/usr/lib --without-included-gettext --enable-threads=posix --libdir=/usr/lib --enable-nls --with-sysroot=/ --enable-clocale=gnu --enable-libstdcxx-debug --enable-libstdcxx-time=yes --with-default-libstdcxx-abi=new --enable-gnu-unique-object --disable-vtable-verify --enable-libmpx --enable-plugin --with-system-zlib --disable-browser-plugin --enable-java-awt=gtk --enable-gtk-cairo --with-java-home=/usr/lib/jvm/java-1.5.0-gcj-5-amd64/jre --enable-java-home --with-jvm-root-dir=/usr/lib/jvm/java-1.5.0-gcj-5-amd64 --with-jvm-jar-dir=/usr/lib/jvm-exports/java-1.5.0-gcj-5-amd64 --with-arch-directory=amd64 --with-ecj-jar=/usr/share/java/eclipse-ecj.jar --enable-objc-gc --enable-multiarch --disable-werror --with-arch-32=i686 --with-abi=m64 --with-multilib-list=m32,m64,mx32 --enable-multilib --with-tune=generic --enable-checking=release --build=x86_64-linux-gnu --host=x86_64-linux-gnu --target=x86_64-linux-gnu
Thread model: posix
gcc version 5.4.0 20160609 (Ubuntu 5.4.0-6ubuntu1~16.04.11) 
COMPILER_PATH=/usr/lib/gcc/x86_64-linux-gnu/5/:/usr/lib/gcc/x86_64-linux-gnu/5/:/usr/lib/gcc/x86_64-linux-gnu/:/usr/lib/gcc/x86_64-linux-gnu/5/:/usr/lib/gcc/x86_64-linux-gnu/
LIBRARY_PATH=/usr/lib/gcc/x86_64-linux-gnu/5/:/usr/lib/gcc/x86_64-linux-gnu/5/../../../x86_64-linux-gnu/:/usr/lib/gcc/x86_64-linux-gnu/5/../../../../lib/:/lib/x86_64-linux-gnu/:/lib/../lib/:/usr/lib/x86_64-linux-gnu/:/usr/lib/../lib/:/usr/lib/gcc/x86_64-linux-gnu/5/../../../:/lib/:/usr/lib/
COLLECT_GCC_OPTIONS='-v' '-o' 'cmTC_2619e' '-rdynamic' '-shared-libgcc' '-mtune=generic' '-march=x86-64'
 /usr/lib/gcc/x86_64-linux-gnu/5/collect2 -plugin /usr/lib/gcc/x86_64-linux-gnu/5/liblto_plugin.so -plugin-opt=/usr/lib/gcc/x86_64-linux-gnu/5/lto-wrapper -plugin-opt=-fresolution=/tmp/cczJz4qn.res -plugin-opt=-pass-through=-lgcc_s -plugin-opt=-pass-through=-lgcc -plugin-opt=-pass-through=-lc -plugin-opt=-pass-through=-lgcc_s -plugin-opt=-pass-through=-lgcc --sysroot=/ --build-id --eh-frame-hdr -m elf_x86_64 --hash-style=gnu --as-needed -export-dynamic -dynamic-linker /lib64/ld-linux-x86-64.so.2 -z relro -o cmTC_2619e /usr/lib/gcc/x86_64-linux-gnu/5/../../../x86_64-linux-gnu/crt1.o /usr/lib/gcc/x86_64-linux-gnu/5/../../../x86_64-linux-gnu/crti.o /usr/lib/gcc/x86_64-linux-gnu/5/crtbegin.o -L/usr/lib/gcc/x86_64-linux-gnu/5 -L/usr/lib/gcc/x86_64-linux-gnu/5/../../../x86_64-linux-gnu -L/usr/lib/gcc/x86_64-linux-gnu/5/../../../../lib -L/lib/x86_64-linux-gnu -L/lib/../lib -L/usr/lib/x86_64-linux-gnu -L/usr/lib/../lib -L/usr/lib/gcc/x86_64-linux-gnu/5/../../.. CMakeFiles/cmTC_2619e.dir/CMakeCXXCompilerABI.cpp.o -lstdc++ -lm -lgcc_s -lgcc -lc -lgcc_s -lgcc /usr/lib/gcc/x86_64-linux-gnu/5/crtend.o /usr/lib/gcc/x86_64-linux-gnu/5/../../../x86_64-linux-gnu/crtn.o
make[1]: Leaving directory '/home/agustin/lidar_ws/build/ceres-solver/CMakeFiles/CMakeTmp'


Parsed CXX implicit link information from above output:
  link line regex: [^( *|.*[/\])(ld|([^/\]+-)?ld|collect2)[^/\]*( |$)]
  ignore line: [Change Dir: /home/agustin/lidar_ws/build/ceres-solver/CMakeFiles/CMakeTmp]
  ignore line: []
  ignore line: [Run Build Command:"/usr/bin/make" "cmTC_2619e/fast"]
  ignore line: [/usr/bin/make -f CMakeFiles/cmTC_2619e.dir/build.make CMakeFiles/cmTC_2619e.dir/build]
  ignore line: [make[1]: Entering directory '/home/agustin/lidar_ws/build/ceres-solver/CMakeFiles/CMakeTmp']
  ignore line: [Building CXX object CMakeFiles/cmTC_2619e.dir/CMakeCXXCompilerABI.cpp.o]
  ignore line: [/usr/bin/c++      -o CMakeFiles/cmTC_2619e.dir/CMakeCXXCompilerABI.cpp.o -c /usr/share/cmake-3.5/Modules/CMakeCXXCompilerABI.cpp]
  ignore line: [Linking CXX executable cmTC_2619e]
  ignore line: [/usr/bin/cmake -E cmake_link_script CMakeFiles/cmTC_2619e.dir/link.txt --verbose=1]
  ignore line: [/usr/bin/c++       -v CMakeFiles/cmTC_2619e.dir/CMakeCXXCompilerABI.cpp.o  -o cmTC_2619e -rdynamic  ]
  ignore line: [Using built-in specs.]
  ignore line: [COLLECT_GCC=/usr/bin/c++]
  ignore line: [COLLECT_LTO_WRAPPER=/usr/lib/gcc/x86_64-linux-gnu/5/lto-wrapper]
  ignore line: [Target: x86_64-linux-gnu]
  ignore line: [Configured with: ../src/configure -v --with-pkgversion='Ubuntu 5.4.0-6ubuntu1~16.04.11' --with-bugurl=file:///usr/share/doc/gcc-5/README.Bugs --enable-languages=c,ada,c++,java,go,d,fortran,objc,obj-c++ --prefix=/usr --program-suffix=-5 --enable-shared --enable-linker-build-id --libexecdir=/usr/lib --without-included-gettext --enable-threads=posix --libdir=/usr/lib --enable-nls --with-sysroot=/ --enable-clocale=gnu --enable-libstdcxx-debug --enable-libstdcxx-time=yes --with-default-libstdcxx-abi=new --enable-gnu-unique-object --disable-vtable-verify --enable-libmpx --enable-plugin --with-system-zlib --disable-browser-plugin --enable-java-awt=gtk --enable-gtk-cairo --with-java-home=/usr/lib/jvm/java-1.5.0-gcj-5-amd64/jre --enable-java-home --with-jvm-root-dir=/usr/lib/jvm/java-1.5.0-gcj-5-amd64 --with-jvm-jar-dir=/usr/lib/jvm-exports/java-1.5.0-gcj-5-amd64 --with-arch-directory=amd64 --with-ecj-jar=/usr/share/java/eclipse-ecj.jar --enable-objc-gc --enable-multiarch --disable-werror --with-arch-32=i686 --with-abi=m64 --with-multilib-list=m32,m64,mx32 --enable-multilib --with-tune=generic --enable-checking=release --build=x86_64-linux-gnu --host=x86_64-linux-gnu --target=x86_64-linux-gnu]
  ignore line: [Thread model: posix]
  ignore line: [gcc version 5.4.0 20160609 (Ubuntu 5.4.0-6ubuntu1~16.04.11) ]
  ignore line: [COMPILER_PATH=/usr/lib/gcc/x86_64-linux-gnu/5/:/usr/lib/gcc/x86_64-linux-gnu/5/:/usr/lib/gcc/x86_64-linux-gnu/:/usr/lib/gcc/x86_64-linux-gnu/5/:/usr/lib/gcc/x86_64-linux-gnu/]
  ignore line: [LIBRARY_PATH=/usr/lib/gcc/x86_64-linux-gnu/5/:/usr/lib/gcc/x86_64-linux-gnu/5/../../../x86_64-linux-gnu/:/usr/lib/gcc/x86_64-linux-gnu/5/../../../../lib/:/lib/x86_64-linux-gnu/:/lib/../lib/:/usr/lib/x86_64-linux-gnu/:/usr/lib/../lib/:/usr/lib/gcc/x86_64-linux-gnu/5/../../../:/lib/:/usr/lib/]
  ignore line: [COLLECT_GCC_OPTIONS='-v' '-o' 'cmTC_2619e' '-rdynamic' '-shared-libgcc' '-mtune=generic' '-march=x86-64']
  link line: [ /usr/lib/gcc/x86_64-linux-gnu/5/collect2 -plugin /usr/lib/gcc/x86_64-linux-gnu/5/liblto_plugin.so -plugin-opt=/usr/lib/gcc/x86_64-linux-gnu/5/lto-wrapper -plugin-opt=-fresolution=/tmp/cczJz4qn.res -plugin-opt=-pass-through=-lgcc_s -plugin-opt=-pass-through=-lgcc -plugin-opt=-pass-through=-lc -plugin-opt=-pass-through=-lgcc_s -plugin-opt=-pass-through=-lgcc --sysroot=/ --build-id --eh-frame-hdr -m elf_x86_64 --hash-style=gnu --as-needed -export-dynamic -dynamic-linker /lib64/ld-linux-x86-64.so.2 -z relro -o cmTC_2619e /usr/lib/gcc/x86_64-linux-gnu/5/../../../x86_64-linux-gnu/crt1.o /usr/lib/gcc/x86_64-linux-gnu/5/../../../x86_64-linux-gnu/crti.o /usr/lib/gcc/x86_64-linux-gnu/5/crtbegin.o -L/usr/lib/gcc/x86_64-linux-gnu/5 -L/usr/lib/gcc/x86_64-linux-gnu/5/../../../x86_64-linux-gnu -L/usr/lib/gcc/x86_64-linux-gnu/5/../../../../lib -L/lib/x86_64-linux-gnu -L/lib/../lib -L/usr/lib/x86_64-linux-gnu -L/usr/lib/../lib -L/usr/lib/gcc/x86_64-linux-gnu/5/../../.. CMakeFiles/cmTC_2619e.dir/CMakeCXXCompilerABI.cpp.o -lstdc++ -lm -lgcc_s -lgcc -lc -lgcc_s -lgcc /usr/lib/gcc/x86_64-linux-gnu/5/crtend.o /usr/lib/gcc/x86_64-linux-gnu/5/../../../x86_64-linux-gnu/crtn.o]
    arg [/usr/lib/gcc/x86_64-linux-gnu/5/collect2] ==> ignore
    arg [-plugin] ==> ignore
    arg [/usr/lib/gcc/x86_64-linux-gnu/5/liblto_plugin.so] ==> ignore
    arg [-plugin-opt=/usr/lib/gcc/x86_64-linux-gnu/5/lto-wrapper] ==> ignore
    arg [-plugin-opt=-fresolution=/tmp/cczJz4qn.res] ==> ignore
    arg [-plugin-opt=-pass-through=-lgcc_s] ==> ignore
    arg [-plugin-opt=-pass-through=-lgcc] ==> ignore
    arg [-plugin-opt=-pass-through=-lc] ==> ignore
    arg [-plugin-opt=-pass-through=-lgcc_s] ==> ignore
    arg [-plugin-opt=-pass-through=-lgcc] ==> ignore
    arg [--sysroot=/] ==> ignore
    arg [--build-id] ==> ignore
    arg [--eh-frame-hdr] ==> ignore
    arg [-m] ==> ignore
    arg [elf_x86_64] ==> ignore
    arg [--hash-style=gnu] ==> ignore
    arg [--as-needed] ==> ignore
    arg [-export-dynamic] ==> ignore
    arg [-dynamic-linker] ==> ignore
    arg [/lib64/ld-linux-x86-64.so.2] ==> ignore
    arg [-zrelro] ==> ignore
    arg [-o] ==> ignore
    arg [cmTC_2619e] ==> ignore
    arg [/usr/lib/gcc/x86_64-linux-gnu/5/../../../x86_64-linux-gnu/crt1.o] ==> ignore
    arg [/usr/lib/gcc/x86_64-linux-gnu/5/../../../x86_64-linux-gnu/crti.o] ==> ignore
    arg [/usr/lib/gcc/x86_64-linux-gnu/5/crtbegin.o] ==> ignore
    arg [-L/usr/lib/gcc/x86_64-linux-gnu/5] ==> dir [/usr/lib/gcc/x86_64-linux-gnu/5]
    arg [-L/usr/lib/gcc/x86_64-linux-gnu/5/../../../x86_64-linux-gnu] ==> dir [/usr/lib/gcc/x86_64-linux-gnu/5/../../../x86_64-linux-gnu]
    arg [-L/usr/lib/gcc/x86_64-linux-gnu/5/../../../../lib] ==> dir [/usr/lib/gcc/x86_64-linux-gnu/5/../../../../lib]
    arg [-L/lib/x86_64-linux-gnu] ==> dir [/lib/x86_64-linux-gnu]
    arg [-L/lib/../lib] ==> dir [/lib/../lib]
    arg [-L/usr/lib/x86_64-linux-gnu] ==> dir [/usr/lib/x86_64-linux-gnu]
    arg [-L/usr/lib/../lib] ==> dir [/usr/lib/../lib]
    arg [-L/usr/lib/gcc/x86_64-linux-gnu/5/../../..] ==> dir [/usr/lib/gcc/x86_64-linux-gnu/5/../../..]
    arg [CMakeFiles/cmTC_2619e.dir/CMakeCXXCompilerABI.cpp.o] ==> ignore
    arg [-lstdc++] ==> lib [stdc++]
    arg [-lm] ==> lib [m]
    arg [-lgcc_s] ==> lib [gcc_s]
    arg [-lgcc] ==> lib [gcc]
    arg [-lc] ==> lib [c]
    arg [-lgcc_s] ==> lib [gcc_s]
    arg [-lgcc] ==> lib [gcc]
    arg [/usr/lib/gcc/x86_64-linux-gnu/5/crtend.o] ==> ignore
    arg [/usr/lib/gcc/x86_64-linux-gnu/5/../../../x86_64-linux-gnu/crtn.o] ==> ignore
  remove lib [gcc_s]
  remove lib [gcc]
  remove lib [gcc_s]
  remove lib [gcc]
  collapse library dir [/usr/lib/gcc/x86_64-linux-gnu/5] ==> [/usr/lib/gcc/x86_64-linux-gnu/5]
  collapse library dir [/usr/lib/gcc/x86_64-linux-gnu/5/../../../x86_64-linux-gnu] ==> [/usr/lib/x86_64-linux-gnu]
  collapse library dir [/usr/lib/gcc/x86_64-linux-gnu/5/../../../../lib] ==> [/usr/lib]
  collapse library dir [/lib/x86_64-linux-gnu] ==> [/lib/x86_64-linux-gnu]
  collapse library dir [/lib/../lib] ==> [/lib]
  collapse library dir [/usr/lib/x86_64-linux-gnu] ==> [/usr/lib/x86_64-linux-gnu]
  collapse library dir [/usr/lib/../lib] ==> [/usr/lib]
  collapse library dir [/usr/lib/gcc/x86_64-linux-gnu/5/../../..] ==> [/usr/lib]
  implicit libs: [stdc++;m;c]
  implicit dirs: [/usr/lib/gcc/x86_64-linux-gnu/5;/usr/lib/x86_64-linux-gnu;/usr/lib;/lib/x86_64-linux-gnu;/lib]
  implicit fwks: []




Detecting CXX [-std=c++14] compiler features compiled with the following output:
Change Dir: /home/agustin/lidar_ws/build/ceres-solver/CMakeFiles/CMakeTmp

Run Build Command:"/usr/bin/make" "cmTC_6ed0c/fast"
/usr/bin/make -f CMakeFiles/cmTC_6ed0c.dir/build.make CMakeFiles/cmTC_6ed0c.dir/build
make[1]: Entering directory '/home/agustin/lidar_ws/build/ceres-solver/CMakeFiles/CMakeTmp'
Building CXX object CMakeFiles/cmTC_6ed0c.dir/feature_tests.cxx.o
/usr/bin/c++     -std=c++14 -o CMakeFiles/cmTC_6ed0c.dir/feature_tests.cxx.o -c /home/agustin/lidar_ws/build/ceres-solver/CMakeFiles/feature_tests.cxx
Linking CXX executable cmTC_6ed0c
/usr/bin/cmake -E cmake_link_script CMakeFiles/cmTC_6ed0c.dir/link.txt --verbose=1
/usr/bin/c++        CMakeFiles/cmTC_6ed0c.dir/feature_tests.cxx.o  -o cmTC_6ed0c -rdynamic 
make[1]: Leaving directory '/home/agustin/lidar_ws/build/ceres-solver/CMakeFiles/CMakeTmp'


    Feature record: CXX_FEATURE:1cxx_aggregate_default_initializers
    Feature record: CXX_FEATURE:1cxx_alias_templates
    Feature record: CXX_FEATURE:1cxx_alignas
    Feature record: CXX_FEATURE:1cxx_alignof
    Feature record: CXX_FEATURE:1cxx_attributes
    Feature record: CXX_FEATURE:1cxx_attribute_deprecated
    Feature record: CXX_FEATURE:1cxx_auto_type
    Feature record: CXX_FEATURE:1cxx_binary_literals
    Feature record: CXX_FEATURE:1cxx_constexpr
    Feature record: CXX_FEATURE:1cxx_contextual_conversions
    Feature record: CXX_FEATURE:1cxx_decltype
    Feature record: CXX_FEATURE:1cxx_decltype_auto
    Feature record: CXX_FEATURE:1cxx_decltype_incomplete_return_types
    Feature record: CXX_FEATURE:1cxx_default_function_template_args
    Feature record: CXX_FEATURE:1cxx_defaulted_functions
    Feature record: CXX_FEATURE:1cxx_defaulted_move_initializers
    Feature record: CXX_FEATURE:1cxx_delegating_constructors
    Feature record: CXX_FEATURE:1cxx_deleted_functions
    Feature record: CXX_FEATURE:1cxx_digit_separators
    Feature record: CXX_FEATURE:1cxx_enum_forward_declarations
    Feature record: CXX_FEATURE:1cxx_explicit_conversions
    Feature record: CXX_FEATURE:1cxx_extended_friend_declarations
    Feature record: CXX_FEATURE:1cxx_extern_templates
    Feature record: CXX_FEATURE:1cxx_final
    Feature record: CXX_FEATURE:1cxx_func_identifier
    Feature record: CXX_FEATURE:1cxx_generalized_initializers
    Feature record: CXX_FEATURE:1cxx_generic_lambdas
    Feature record: CXX_FEATURE:1cxx_inheriting_constructors
    Feature record: CXX_FEATURE:1cxx_inline_namespaces
    Feature record: CXX_FEATURE:1cxx_lambdas
    Feature record: CXX_FEATURE:1cxx_lambda_init_captures
    Feature record: CXX_FEATURE:1cxx_local_type_template_args
    Feature record: CXX_FEATURE:1cxx_long_long_type
    Feature record: CXX_FEATURE:1cxx_noexcept
    Feature record: CXX_FEATURE:1cxx_nonstatic_member_init
    Feature record: CXX_FEATURE:1cxx_nullptr
    Feature record: CXX_FEATURE:1cxx_override
    Feature record: CXX_FEATURE:1cxx_range_for
    Feature record: CXX_FEATURE:1cxx_raw_string_literals
    Feature record: CXX_FEATURE:1cxx_reference_qualified_functions
    Feature record: CXX_FEATURE:1cxx_relaxed_constexpr
    Feature record: CXX_FEATURE:1cxx_return_type_deduction
    Feature record: CXX_FEATURE:1cxx_right_angle_brackets
    Feature record: CXX_FEATURE:1cxx_rvalue_references
    Feature record: CXX_FEATURE:1cxx_sizeof_member
    Feature record: CXX_FEATURE:1cxx_static_assert
    Feature record: CXX_FEATURE:1cxx_strong_enums
    Feature record: CXX_FEATURE:1cxx_template_template_parameters
    Feature record: CXX_FEATURE:1cxx_thread_local
    Feature record: CXX_FEATURE:1cxx_trailing_return_types
    Feature record: CXX_FEATURE:1cxx_unicode_literals
    Feature record: CXX_FEATURE:1cxx_uniform_initialization
    Feature record: CXX_FEATURE:1cxx_unrestricted_unions
    Feature record: CXX_FEATURE:1cxx_user_literals
    Feature record: CXX_FEATURE:1cxx_variable_templates
    Feature record: CXX_FEATURE:1cxx_variadic_macros
    Feature record: CXX_FEATURE:1cxx_variadic_templates


Detecting CXX [-std=c++11] compiler features compiled with the following output:
Change Dir: /home/agustin/lidar_ws/build/ceres-solver/CMakeFiles/CMakeTmp

Run Build Command:"/usr/bin/make" "cmTC_418e4/fast"
/usr/bin/make -f CMakeFiles/cmTC_418e4.dir/build.make CMakeFiles/cmTC_418e4.dir/build
make[1]: Entering directory '/home/agustin/lidar_ws/build/ceres-solver/CMakeFiles/CMakeTmp'
Building CXX object CMakeFiles/cmTC_418e4.dir/feature_tests.cxx.o
/usr/bin/c++     -std=c++11 -o CMakeFiles/cmTC_418e4.dir/feature_tests.cxx.o -c /home/agustin/lidar_ws/build/ceres-solver/CMakeFiles/feature_tests.cxx
Linking CXX executable cmTC_418e4
/usr/bin/cmake -E cmake_link_script CMakeFiles/cmTC_418e4.dir/link.txt --verbose=1
/usr/bin/c++        CMakeFiles/cmTC_418e4.dir/feature_tests.cxx.o  -o cmTC_418e4 -rdynamic 
make[1]: Leaving directory '/home/agustin/lidar_ws/build/ceres-solver/CMakeFiles/CMakeTmp'


    Feature record: CXX_FEATURE:0cxx_aggregate_default_initializers
    Feature record: CXX_FEATURE:1cxx_alias_templates
    Feature record: CXX_FEATURE:1cxx_alignas
    Feature record: CXX_FEATURE:1cxx_alignof
    Feature record: CXX_FEATURE:1cxx_attributes
    Feature record: CXX_FEATURE:0cxx_attribute_deprecated
    Feature record: CXX_FEATURE:1cxx_auto_type
    Feature record: CXX_FEATURE:0cxx_binary_literals
    Feature record: CXX_FEATURE:1cxx_constexpr
    Feature record: CXX_FEATURE:0cxx_contextual_conversions
    Feature record: CXX_FEATURE:1cxx_decltype
    Feature record: CXX_FEATURE:0cxx_decltype_auto
    Feature record: CXX_FEATURE:1cxx_decltype_incomplete_return_types
    Feature record: CXX_FEATURE:1cxx_default_function_template_args
    Feature record: CXX_FEATURE:1cxx_defaulted_functions
    Feature record: CXX_FEATURE:1cxx_defaulted_move_initializers
    Feature record: CXX_FEATURE:1cxx_delegating_constructors
    Feature record: CXX_FEATURE:1cxx_deleted_functions
    Feature record: CXX_FEATURE:0cxx_digit_separators
    Feature record: CXX_FEATURE:1cxx_enum_forward_declarations
    Feature record: CXX_FEATURE:1cxx_explicit_conversions
    Feature record: CXX_FEATURE:1cxx_extended_friend_declarations
    Feature record: CXX_FEATURE:1cxx_extern_templates
    Feature record: CXX_FEATURE:1cxx_final
    Feature record: CXX_FEATURE:1cxx_func_identifier
    Feature record: CXX_FEATURE:1cxx_generalized_initializers
    Feature record: CXX_FEATURE:0cxx_generic_lambdas
    Feature record: CXX_FEATURE:1cxx_inheriting_constructors
    Feature record: CXX_FEATURE:1cxx_inline_namespaces
    Feature record: CXX_FEATURE:1cxx_lambdas
    Feature record: CXX_FEATURE:0cxx_lambda_init_captures
    Feature record: CXX_FEATURE:1cxx_local_type_template_args
    Feature record: CXX_FEATURE:1cxx_long_long_type
    Feature record: CXX_FEATURE:1cxx_noexcept
    Feature record: CXX_FEATURE:1cxx_nonstatic_member_init
    Feature record: CXX_FEATURE:1cxx_nullptr
    Feature record: CXX_FEATURE:1cxx_override
    Feature record: CXX_FEATURE:1cxx_range_for
    Feature record: CXX_FEATURE:1cxx_raw_string_literals
    Feature record: CXX_FEATURE:1cxx_reference_qualified_functions
    Feature record: CXX_FEATURE:0cxx_relaxed_constexpr
    Feature record: CXX_FEATURE:0cxx_return_type_deduction
    Feature record: CXX_FEATURE:1cxx_right_angle_brackets
    Feature record: CXX_FEATURE:1cxx_rvalue_references
    Feature record: CXX_FEATURE:1cxx_sizeof_member
    Feature record: CXX_FEATURE:1cxx_static_assert
    Feature record: CXX_FEATURE:1cxx_strong_enums
    Feature record: CXX_FEATURE:1cxx_template_template_parameters
    Feature record: CXX_FEATURE:1cxx_thread_local
    Feature record: CXX_FEATURE:1cxx_trailing_return_types
    Feature record: CXX_FEATURE:1cxx_unicode_literals
    Feature record: CXX_FEATURE:1cxx_uniform_initialization
    Feature record: CXX_FEATURE:1cxx_unrestricted_unions
    Feature record: CXX_FEATURE:1cxx_user_literals
    Feature record: CXX_FEATURE:0cxx_variable_templates
    Feature record: CXX_FEATURE:1cxx_variadic_macros
    Feature record: CXX_FEATURE:1cxx_variadic_templates


Detecting CXX [-std=c++98] compiler features compiled with the following output:
Change Dir: /home/agustin/lidar_ws/build/ceres-solver/CMakeFiles/CMakeTmp

Run Build Command:"/usr/bin/make" "cmTC_a0100/fast"
/usr/bin/make -f CMakeFiles/cmTC_a0100.dir/build.make CMakeFiles/cmTC_a0100.dir/build
make[1]: Entering directory '/home/agustin/lidar_ws/build/ceres-solver/CMakeFiles/CMakeTmp'
Building CXX object CMakeFiles/cmTC_a0100.dir/feature_tests.cxx.o
/usr/bin/c++     -std=c++98 -o CMakeFiles/cmTC_a0100.dir/feature_tests.cxx.o -c /home/agustin/lidar_ws/build/ceres-solver/CMakeFiles/feature_tests.cxx
Linking CXX executable cmTC_a0100
/usr/bin/cmake -E cmake_link_script CMakeFiles/cmTC_a0100.dir/link.txt --verbose=1
/usr/bin/c++        CMakeFiles/cmTC_a0100.dir/feature_tests.cxx.o  -o cmTC_a0100 -rdynamic 
make[1]: Leaving directory '/home/agustin/lidar_ws/build/ceres-solver/CMakeFiles/CMakeTmp'


    Feature record: CXX_FEATURE:0cxx_aggregate_default_initializers
    Feature record: CXX_FEATURE:0cxx_alias_templates
    Feature record: CXX_FEATURE:0cxx_alignas
    Feature record: CXX_FEATURE:0cxx_alignof
    Feature record: CXX_FEATURE:0cxx_attributes
    Feature record: CXX_FEATURE:0cxx_attribute_deprecated
    Feature record: CXX_FEATURE:0cxx_auto_type
    Feature record: CXX_FEATURE:0cxx_binary_literals
    Feature record: CXX_FEATURE:0cxx_constexpr
    Feature record: CXX_FEATURE:0cxx_contextual_conversions
    Feature record: CXX_FEATURE:0cxx_decltype
    Feature record: CXX_FEATURE:0cxx_decltype_auto
    Feature record: CXX_FEATURE:0cxx_decltype_incomplete_return_types
    Feature record: CXX_FEATURE:0cxx_default_function_template_args
    Feature record: CXX_FEATURE:0cxx_defaulted_functions
    Feature record: CXX_FEATURE:0cxx_defaulted_move_initializers
    Feature record: CXX_FEATURE:0cxx_delegating_constructors
    Feature record: CXX_FEATURE:0cxx_deleted_functions
    Feature record: CXX_FEATURE:0cxx_digit_separators
    Feature record: CXX_FEATURE:0cxx_enum_forward_declarations
    Feature record: CXX_FEATURE:0cxx_explicit_conversions
    Feature record: CXX_FEATURE:0cxx_extended_friend_declarations
    Feature record: CXX_FEATURE:0cxx_extern_templates
    Feature record: CXX_FEATURE:0cxx_final
    Feature record: CXX_FEATURE:0cxx_func_identifier
    Feature record: CXX_FEATURE:0cxx_generalized_initializers
    Feature record: CXX_FEATURE:0cxx_generic_lambdas
    Feature record: CXX_FEATURE:0cxx_inheriting_constructors
    Feature record: CXX_FEATURE:0cxx_inline_namespaces
    Feature record: CXX_FEATURE:0cxx_lambdas
    Feature record: CXX_FEATURE:0cxx_lambda_init_captures
    Feature record: CXX_FEATURE:0cxx_local_type_template_args
    Feature record: CXX_FEATURE:0cxx_long_long_type
    Feature record: CXX_FEATURE:0cxx_noexcept
    Feature record: CXX_FEATURE:0cxx_nonstatic_member_init
    Feature record: CXX_FEATURE:0cxx_nullptr
    Feature record: CXX_FEATURE:0cxx_override
    Feature record: CXX_FEATURE:0cxx_range_for
    Feature record: CXX_FEATURE:0cxx_raw_string_literals
    Feature record: CXX_FEATURE:0cxx_reference_qualified_functions
    Feature record: CXX_FEATURE:0cxx_relaxed_constexpr
    Feature record: CXX_FEATURE:0cxx_return_type_deduction
    Feature record: CXX_FEATURE:0cxx_right_angle_brackets
    Feature record: CXX_FEATURE:0cxx_rvalue_references
    Feature record: CXX_FEATURE:0cxx_sizeof_member
    Feature record: CXX_FEATURE:0cxx_static_assert
    Feature record: CXX_FEATURE:0cxx_strong_enums
    Feature record: CXX_FEATURE:1cxx_template_template_parameters
    Feature record: CXX_FEATURE:0cxx_thread_local
    Feature record: CXX_FEATURE:0cxx_trailing_return_types
    Feature record: CXX_FEATURE:0cxx_unicode_literals
    Feature record: CXX_FEATURE:0cxx_uniform_initialization
    Feature record: CXX_FEATURE:0cxx_unrestricted_unions
    Feature record: CXX_FEATURE:0cxx_user_literals
    Feature record: CXX_FEATURE:0cxx_variable_templates
    Feature record: CXX_FEATURE:0cxx_variadic_macros
    Feature record: CXX_FEATURE:0cxx_variadic_templates
Determining if the function dgemm_ exists passed with the following output:
Change Dir: /home/agustin/lidar_ws/build/ceres-solver/CMakeFiles/CMakeTmp

Run Build Command:"/usr/bin/make" "cmTC_2adcf/fast"
/usr/bin/make -f CMakeFiles/cmTC_2adcf.dir/build.make CMakeFiles/cmTC_2adcf.dir/build
make[1]: Entering directory '/home/agustin/lidar_ws/build/ceres-solver/CMakeFiles/CMakeTmp'
Building C object CMakeFiles/cmTC_2adcf.dir/CheckFunctionExists.c.o
/usr/bin/cc    -DCHECK_FUNCTION_EXISTS=dgemm_   -o CMakeFiles/cmTC_2adcf.dir/CheckFunctionExists.c.o   -c /usr/share/cmake-3.5/Modules/CheckFunctionExists.c
Linking C executable cmTC_2adcf
/usr/bin/cmake -E cmake_link_script CMakeFiles/cmTC_2adcf.dir/link.txt --verbose=1
/usr/bin/cc   -DCHECK_FUNCTION_EXISTS=dgemm_    CMakeFiles/cmTC_2adcf.dir/CheckFunctionExists.c.o  -o cmTC_2adcf -rdynamic /usr/lib/libf77blas.so /usr/lib/libatlas.so 
make[1]: Leaving directory '/home/agustin/lidar_ws/build/ceres-solver/CMakeFiles/CMakeTmp'


Determining if the include file pthread.h exists passed with the following output:
Change Dir: /home/agustin/lidar_ws/build/ceres-solver/CMakeFiles/CMakeTmp

Run Build Command:"/usr/bin/make" "cmTC_c98e6/fast"
/usr/bin/make -f CMakeFiles/cmTC_c98e6.dir/build.make CMakeFiles/cmTC_c98e6.dir/build
make[1]: Entering directory '/home/agustin/lidar_ws/build/ceres-solver/CMakeFiles/CMakeTmp'
Building C object CMakeFiles/cmTC_c98e6.dir/CheckIncludeFile.c.o
/usr/bin/cc     -o CMakeFiles/cmTC_c98e6.dir/CheckIncludeFile.c.o   -c /home/agustin/lidar_ws/build/ceres-solver/CMakeFiles/CMakeTmp/CheckIncludeFile.c
Linking C executable cmTC_c98e6
/usr/bin/cmake -E cmake_link_script CMakeFiles/cmTC_c98e6.dir/link.txt --verbose=1
/usr/bin/cc       CMakeFiles/cmTC_c98e6.dir/CheckIncludeFile.c.o  -o cmTC_c98e6 -rdynamic 
make[1]: Leaving directory '/home/agustin/lidar_ws/build/ceres-solver/CMakeFiles/CMakeTmp'


Determining if the function pthread_create exists in the pthread passed with the following output:
Change Dir: /home/agustin/lidar_ws/build/ceres-solver/CMakeFiles/CMakeTmp

Run Build Command:"/usr/bin/make" "cmTC_fcc17/fast"
/usr/bin/make -f CMakeFiles/cmTC_fcc17.dir/build.make CMakeFiles/cmTC_fcc17.dir/build
make[1]: Entering directory '/home/agustin/lidar_ws/build/ceres-solver/CMakeFiles/CMakeTmp'
Building C object CMakeFiles/cmTC_fcc17.dir/CheckFunctionExists.c.o
/usr/bin/cc    -DCHECK_FUNCTION_EXISTS=pthread_create   -o CMakeFiles/cmTC_fcc17.dir/CheckFunctionExists.c.o   -c /usr/share/cmake-3.5/Modules/CheckFunctionExists.c
Linking C executable cmTC_fcc17
/usr/bin/cmake -E cmake_link_script CMakeFiles/cmTC_fcc17.dir/link.txt --verbose=1
/usr/bin/cc   -DCHECK_FUNCTION_EXISTS=pthread_create    CMakeFiles/cmTC_fcc17.dir/CheckFunctionExists.c.o  -o cmTC_fcc17 -rdynamic -lpthread 
make[1]: Leaving directory '/home/agustin/lidar_ws/build/ceres-solver/CMakeFiles/CMakeTmp'


Determining if the function cheev_ exists passed with the following output:
Change Dir: /home/agustin/lidar_ws/build/ceres-solver/CMakeFiles/CMakeTmp

Run Build Command:"/usr/bin/make" "cmTC_eb1f6/fast"
/usr/bin/make -f CMakeFiles/cmTC_eb1f6.dir/build.make CMakeFiles/cmTC_eb1f6.dir/build
make[1]: Entering directory '/home/agustin/lidar_ws/build/ceres-solver/CMakeFiles/CMakeTmp'
Building C object CMakeFiles/cmTC_eb1f6.dir/CheckFunctionExists.c.o
/usr/bin/cc    -DCHECK_FUNCTION_EXISTS=cheev_   -o CMakeFiles/cmTC_eb1f6.dir/CheckFunctionExists.c.o   -c /usr/share/cmake-3.5/Modules/CheckFunctionExists.c
Linking C executable cmTC_eb1f6
/usr/bin/cmake -E cmake_link_script CMakeFiles/cmTC_eb1f6.dir/link.txt --verbose=1
/usr/bin/cc   -DCHECK_FUNCTION_EXISTS=cheev_    CMakeFiles/cmTC_eb1f6.dir/CheckFunctionExists.c.o  -o cmTC_eb1f6 -rdynamic /usr/lib/liblapack.so /usr/lib/libf77blas.so /usr/lib/libatlas.so 
make[1]: Leaving directory '/home/agustin/lidar_ws/build/ceres-solver/CMakeFiles/CMakeTmp'


Performing C++ SOURCE FILE Test GFLAGS_IN_GOOGLE_NAMESPACE succeeded with the following output:
Change Dir: /home/agustin/lidar_ws/build/ceres-solver/CMakeFiles/CMakeTmp

Run Build Command:"/usr/bin/make" "cmTC_d39d5/fast"
/usr/bin/make -f CMakeFiles/cmTC_d39d5.dir/build.make CMakeFiles/cmTC_d39d5.dir/build
make[1]: Entering directory '/home/agustin/lidar_ws/build/ceres-solver/CMakeFiles/CMakeTmp'
Building CXX object CMakeFiles/cmTC_d39d5.dir/src.cxx.o
/usr/bin/c++     -DGFLAGS_IN_GOOGLE_NAMESPACE   -o CMakeFiles/cmTC_d39d5.dir/src.cxx.o -c /home/agustin/lidar_ws/build/ceres-solver/CMakeFiles/CMakeTmp/src.cxx
Linking CXX executable cmTC_d39d5
/usr/bin/cmake -E cmake_link_script CMakeFiles/cmTC_d39d5.dir/link.txt --verbose=1
/usr/bin/c++    -DGFLAGS_IN_GOOGLE_NAMESPACE    CMakeFiles/cmTC_d39d5.dir/src.cxx.o  -o cmTC_d39d5 -rdynamic /usr/lib/x86_64-linux-gnu/libgflags.so -lpthread 
make[1]: Leaving directory '/home/agustin/lidar_ws/build/ceres-solver/CMakeFiles/CMakeTmp'

Source file was:
#include <gflags/gflags.h>
     int main(int argc, char * argv[]) {
       google::ParseCommandLineFlags(&argc, &argv, true);
       return 0;
     }
Performing C SOURCE FILE Test OpenMP_FLAG_DETECTED succeeded with the following output:
Change Dir: /home/agustin/lidar_ws/build/ceres-solver/CMakeFiles/CMakeTmp

Run Build Command:"/usr/bin/make" "cmTC_2e29b/fast"
/usr/bin/make -f CMakeFiles/cmTC_2e29b.dir/build.make CMakeFiles/cmTC_2e29b.dir/build
make[1]: Entering directory '/home/agustin/lidar_ws/build/ceres-solver/CMakeFiles/CMakeTmp'
Building C object CMakeFiles/cmTC_2e29b.dir/src.c.o
/usr/bin/cc    -DOpenMP_FLAG_DETECTED -fopenmp   -o CMakeFiles/cmTC_2e29b.dir/src.c.o   -c /home/agustin/lidar_ws/build/ceres-solver/CMakeFiles/CMakeTmp/src.c
Linking C executable cmTC_2e29b
/usr/bin/cmake -E cmake_link_script CMakeFiles/cmTC_2e29b.dir/link.txt --verbose=1
/usr/bin/cc   -DOpenMP_FLAG_DETECTED -fopenmp    CMakeFiles/cmTC_2e29b.dir/src.c.o  -o cmTC_2e29b -rdynamic 
make[1]: Leaving directory '/home/agustin/lidar_ws/build/ceres-solver/CMakeFiles/CMakeTmp'

Source file was:

#include <omp.h>
int main() {
#ifdef _OPENMP
  return 0;
#else
  breaks_on_purpose
#endif
}

Performing C++ SOURCE FILE Test OpenMP_FLAG_DETECTED succeeded with the following output:
Change Dir: /home/agustin/lidar_ws/build/ceres-solver/CMakeFiles/CMakeTmp

Run Build Command:"/usr/bin/make" "cmTC_159d5/fast"
/usr/bin/make -f CMakeFiles/cmTC_159d5.dir/build.make CMakeFiles/cmTC_159d5.dir/build
make[1]: Entering directory '/home/agustin/lidar_ws/build/ceres-solver/CMakeFiles/CMakeTmp'
Building CXX object CMakeFiles/cmTC_159d5.dir/src.cxx.o
/usr/bin/c++     -DOpenMP_FLAG_DETECTED -fopenmp   -o CMakeFiles/cmTC_159d5.dir/src.cxx.o -c /home/agustin/lidar_ws/build/ceres-solver/CMakeFiles/CMakeTmp/src.cxx
Linking CXX executable cmTC_159d5
/usr/bin/cmake -E cmake_link_script CMakeFiles/cmTC_159d5.dir/link.txt --verbose=1
/usr/bin/c++    -DOpenMP_FLAG_DETECTED -fopenmp    CMakeFiles/cmTC_159d5.dir/src.cxx.o  -o cmTC_159d5 -rdynamic 
make[1]: Leaving directory '/home/agustin/lidar_ws/build/ceres-solver/CMakeFiles/CMakeTmp'

Source file was:

#include <omp.h>
int main() {
#ifdef _OPENMP
  return 0;
#else
  breaks_on_purpose
#endif
}

Performing C++ SOURCE FILE Test COMPILER_HAS_CXX11_FLAG succeeded with the following output:
Change Dir: /home/agustin/lidar_ws/build/ceres-solver/CMakeFiles/CMakeTmp

Run Build Command:"/usr/bin/make" "cmTC_42d74/fast"
/usr/bin/make -f CMakeFiles/cmTC_42d74.dir/build.make CMakeFiles/cmTC_42d74.dir/build
make[1]: Entering directory '/home/agustin/lidar_ws/build/ceres-solver/CMakeFiles/CMakeTmp'
Building CXX object CMakeFiles/cmTC_42d74.dir/src.cxx.o
/usr/bin/c++     -fopenmp -DCOMPILER_HAS_CXX11_FLAG  -fopenmp   -std=c++11 -o CMakeFiles/cmTC_42d74.dir/src.cxx.o -c /home/agustin/lidar_ws/build/ceres-solver/CMakeFiles/CMakeTmp/src.cxx
Linking CXX executable cmTC_42d74
/usr/bin/cmake -E cmake_link_script CMakeFiles/cmTC_42d74.dir/link.txt --verbose=1
/usr/bin/c++    -fopenmp -DCOMPILER_HAS_CXX11_FLAG  -fopenmp    CMakeFiles/cmTC_42d74.dir/src.cxx.o  -o cmTC_42d74 -rdynamic 
make[1]: Leaving directory '/home/agustin/lidar_ws/build/ceres-solver/CMakeFiles/CMakeTmp'

Source file was:
int main() { return 0; }
Determining if the include file tr1/unordered_map exists passed with the following output:
Change Dir: /home/agustin/lidar_ws/build/ceres-solver/CMakeFiles/CMakeTmp

Run Build Command:"/usr/bin/make" "cmTC_fb8ee/fast"
/usr/bin/make -f CMakeFiles/cmTC_fb8ee.dir/build.make CMakeFiles/cmTC_fb8ee.dir/build
make[1]: Entering directory '/home/agustin/lidar_ws/build/ceres-solver/CMakeFiles/CMakeTmp'
Building CXX object CMakeFiles/cmTC_fb8ee.dir/CheckIncludeFile.cxx.o
/usr/bin/c++     -fopenmp  -fopenmp   -o CMakeFiles/cmTC_fb8ee.dir/CheckIncludeFile.cxx.o -c /home/agustin/lidar_ws/build/ceres-solver/CMakeFiles/CMakeTmp/CheckIncludeFile.cxx
Linking CXX executable cmTC_fb8ee
/usr/bin/cmake -E cmake_link_script CMakeFiles/cmTC_fb8ee.dir/link.txt --verbose=1
/usr/bin/c++    -fopenmp  -fopenmp    CMakeFiles/cmTC_fb8ee.dir/CheckIncludeFile.cxx.o  -o cmTC_fb8ee -rdynamic 
make[1]: Leaving directory '/home/agustin/lidar_ws/build/ceres-solver/CMakeFiles/CMakeTmp'


Determining if the include file memory exists passed with the following output:
Change Dir: /home/agustin/lidar_ws/build/ceres-solver/CMakeFiles/CMakeTmp

Run Build Command:"/usr/bin/make" "cmTC_307e1/fast"
/usr/bin/make -f CMakeFiles/cmTC_307e1.dir/build.make CMakeFiles/cmTC_307e1.dir/build
make[1]: Entering directory '/home/agustin/lidar_ws/build/ceres-solver/CMakeFiles/CMakeTmp'
Building CXX object CMakeFiles/cmTC_307e1.dir/CheckIncludeFile.cxx.o
/usr/bin/c++     -fopenmp  -fopenmp   -o CMakeFiles/cmTC_307e1.dir/CheckIncludeFile.cxx.o -c /home/agustin/lidar_ws/build/ceres-solver/CMakeFiles/CMakeTmp/CheckIncludeFile.cxx
Linking CXX executable cmTC_307e1
/usr/bin/cmake -E cmake_link_script CMakeFiles/cmTC_307e1.dir/link.txt --verbose=1
/usr/bin/c++    -fopenmp  -fopenmp    CMakeFiles/cmTC_307e1.dir/CheckIncludeFile.cxx.o  -o cmTC_307e1 -rdynamic 
make[1]: Leaving directory '/home/agustin/lidar_ws/build/ceres-solver/CMakeFiles/CMakeTmp'


Determining if the include file tr1/memory exists passed with the following output:
Change Dir: /home/agustin/lidar_ws/build/ceres-solver/CMakeFiles/CMakeTmp

Run Build Command:"/usr/bin/make" "cmTC_cce0f/fast"
/usr/bin/make -f CMakeFiles/cmTC_cce0f.dir/build.make CMakeFiles/cmTC_cce0f.dir/build
make[1]: Entering directory '/home/agustin/lidar_ws/build/ceres-solver/CMakeFiles/CMakeTmp'
Building CXX object CMakeFiles/cmTC_cce0f.dir/CheckIncludeFile.cxx.o
/usr/bin/c++     -fopenmp  -fopenmp   -o CMakeFiles/cmTC_cce0f.dir/CheckIncludeFile.cxx.o -c /home/agustin/lidar_ws/build/ceres-solver/CMakeFiles/CMakeTmp/CheckIncludeFile.cxx
Linking CXX executable cmTC_cce0f
/usr/bin/cmake -E cmake_link_script CMakeFiles/cmTC_cce0f.dir/link.txt --verbose=1
/usr/bin/c++    -fopenmp  -fopenmp    CMakeFiles/cmTC_cce0f.dir/CheckIncludeFile.cxx.o  -o cmTC_cce0f -rdynamic 
make[1]: Leaving directory '/home/agustin/lidar_ws/build/ceres-solver/CMakeFiles/CMakeTmp'


Performing C++ SOURCE FILE Test HAVE_SHARED_PTR_IN_TR1_NAMESPACE_FROM_TR1_MEMORY_HEADER succeeded with the following output:
Change Dir: /home/agustin/lidar_ws/build/ceres-solver/CMakeFiles/CMakeTmp

Run Build Command:"/usr/bin/make" "cmTC_bdf2e/fast"
/usr/bin/make -f CMakeFiles/cmTC_bdf2e.dir/build.make CMakeFiles/cmTC_bdf2e.dir/build
make[1]: Entering directory '/home/agustin/lidar_ws/build/ceres-solver/CMakeFiles/CMakeTmp'
Building CXX object CMakeFiles/cmTC_bdf2e.dir/src.cxx.o
/usr/bin/c++     -fopenmp -DHAVE_SHARED_PTR_IN_TR1_NAMESPACE_FROM_TR1_MEMORY_HEADER  -fopenmp   -o CMakeFiles/cmTC_bdf2e.dir/src.cxx.o -c /home/agustin/lidar_ws/build/ceres-solver/CMakeFiles/CMakeTmp/src.cxx
Linking CXX executable cmTC_bdf2e
/usr/bin/cmake -E cmake_link_script CMakeFiles/cmTC_bdf2e.dir/link.txt --verbose=1
/usr/bin/c++    -fopenmp -DHAVE_SHARED_PTR_IN_TR1_NAMESPACE_FROM_TR1_MEMORY_HEADER  -fopenmp    CMakeFiles/cmTC_bdf2e.dir/src.cxx.o  -o cmTC_bdf2e -rdynamic 
make[1]: Leaving directory '/home/agustin/lidar_ws/build/ceres-solver/CMakeFiles/CMakeTmp'

Source file was:
#include <tr1/memory>
                                 int main() {
                                   std::tr1::shared_ptr<int> int_ptr;
                                   return 0;
                                 }
