Not searching for unused variables given on the command line.
[36m--[0m The C compiler identification is GNU 5.4.0
[36m--[0m The CXX compiler identification is GNU 5.4.0
[36m--[0m Check for working C compiler: /usr/bin/cc
[36m--[0m Check for working C compiler: /usr/bin/cc -- works
[36m--[0m Detecting C compiler ABI info
[36m--[0m Detecting C compiler ABI info - done
[36m--[0m Detecting C compile features
[36m--[0m Detecting C compile features - done
[36m--[0m Check for working CXX compiler: /usr/bin/c++
[36m--[0m Check for working CXX compiler: /usr/bin/c++ -- works
[36m--[0m Detecting CXX compiler ABI info
[36m--[0m Detecting CXX compiler ABI info - done
[36m--[0m Detecting CXX compile features
[36m--[0m Detecting CXX compile features - done
[36m--[0m Build type: Release
Files /home/agustin/lidar_ws/build/cartographer/AllFiles.cmake and - differ
[36m--[0m Found PythonInterp: /usr/bin/python (found version "2.7.12")
[36m--[0m Looking for pthread.h
[36m--[0m Looking for pthread.h - found
[36m--[0m Looking for pthread_create
[36m--[0m Looking for pthread_create - not found
[36m--[0m Looking for pthread_create in pthreads
[36m--[0m Looking for pthread_create in pthreads - not found
[36m--[0m Looking for pthread_create in pthread
[36m--[0m Looking for pthread_create in pthread - found
[36m--[0m Found Threads: TRUE
[36m--[0m Found GMock: gmock_main;-lpthread
[36m--[0m Boost version: 1.58.0
[36m--[0m Found the following Boost libraries:
[36m--[0m   iostreams
[36m--[0m   regex
[36m--[0m Found installed version of Eigen: /usr/lib/cmake/eigen3
[36m--[0m Found required Ceres dependency: Eigen version 3.2.92 in /usr/include/eigen3
[36m--[0m Found required Ceres dependency: glog
[36m--[0m Performing Test GFLAGS_IN_GOOGLE_NAMESPACE
[36m--[0m Performing Test GFLAGS_IN_GOOGLE_NAMESPACE - Success
[36m--[0m Found required Ceres dependency: gflags
[36m--[0m Found Ceres version: 1.13.0 installed in: /home/agustin/lidar_ws/devel with components: [LAPACK, SuiteSparse, SparseLinearAlgebraLibrary, CXSparse, SchurSpecializations, OpenMP]
[36m--[0m Found Lua: /usr/lib/x86_64-linux-gnu/liblua5.2.so;/usr/lib/x86_64-linux-gnu/libm.so (found version "5.2.4")
[36m--[0m Found Protobuf: /usr/local/lib/libprotobuf.a (Required is at least version "3.0.0")
[36m--[0m Found PkgConfig: /usr/bin/pkg-config (found version "0.29.1")
[36m--[0m Checking for one of the modules 'cairo>=1.12.16'
[36m--[0m Found Sphinx: /usr/bin/sphinx-build
[36m--[0m Configuring done
[36m--[0m Generating done
[36m--[0m Build files have been written to: /home/agustin/lidar_ws/build/cartographer
