Determining if the pthread_create exist failed with the following output:
Change Dir: /home/agustin/lidar_ws/build/rosserial_python/CMakeFiles/CMakeTmp

Run Build Command:"/usr/bin/make" "cmTC_e0622/fast"
/usr/bin/make -f CMakeFiles/cmTC_e0622.dir/build.make CMakeFiles/cmTC_e0622.dir/build
make[1]: Entering directory '/home/agustin/lidar_ws/build/rosserial_python/CMakeFiles/CMakeTmp'
Building C object CMakeFiles/cmTC_e0622.dir/CheckSymbolExists.c.o
/usr/bin/cc     -o CMakeFiles/cmTC_e0622.dir/CheckSymbolExists.c.o   -c /home/agustin/lidar_ws/build/rosserial_python/CMakeFiles/CMakeTmp/CheckSymbolExists.c
Linking C executable cmTC_e0622
/usr/bin/cmake -E cmake_link_script CMakeFiles/cmTC_e0622.dir/link.txt --verbose=1
/usr/bin/cc       CMakeFiles/cmTC_e0622.dir/CheckSymbolExists.c.o  -o cmTC_e0622 -rdynamic 
CMakeFiles/cmTC_e0622.dir/CheckSymbolExists.c.o: In function `main':
CheckSymbolExists.c:(.text+0x16): undefined reference to `pthread_create'
collect2: error: ld returned 1 exit status
CMakeFiles/cmTC_e0622.dir/build.make:97: recipe for target 'cmTC_e0622' failed
make[1]: *** [cmTC_e0622] Error 1
make[1]: Leaving directory '/home/agustin/lidar_ws/build/rosserial_python/CMakeFiles/CMakeTmp'
Makefile:126: recipe for target 'cmTC_e0622/fast' failed
make: *** [cmTC_e0622/fast] Error 2

File /home/agustin/lidar_ws/build/rosserial_python/CMakeFiles/CMakeTmp/CheckSymbolExists.c:
/* */
#include <pthread.h>

int main(int argc, char** argv)
{
  (void)argv;
#ifndef pthread_create
  return ((int*)(&pthread_create))[argc];
#else
  (void)argc;
  return 0;
#endif
}

Determining if the function pthread_create exists in the pthreads failed with the following output:
Change Dir: /home/agustin/lidar_ws/build/rosserial_python/CMakeFiles/CMakeTmp

Run Build Command:"/usr/bin/make" "cmTC_bd55b/fast"
/usr/bin/make -f CMakeFiles/cmTC_bd55b.dir/build.make CMakeFiles/cmTC_bd55b.dir/build
make[1]: Entering directory '/home/agustin/lidar_ws/build/rosserial_python/CMakeFiles/CMakeTmp'
Building C object CMakeFiles/cmTC_bd55b.dir/CheckFunctionExists.c.o
/usr/bin/cc    -DCHECK_FUNCTION_EXISTS=pthread_create   -o CMakeFiles/cmTC_bd55b.dir/CheckFunctionExists.c.o   -c /usr/share/cmake-3.5/Modules/CheckFunctionExists.c
Linking C executable cmTC_bd55b
/usr/bin/cmake -E cmake_link_script CMakeFiles/cmTC_bd55b.dir/link.txt --verbose=1
/usr/bin/cc   -DCHECK_FUNCTION_EXISTS=pthread_create    CMakeFiles/cmTC_bd55b.dir/CheckFunctionExists.c.o  -o cmTC_bd55b -rdynamic -lpthreads 
/usr/bin/ld: cannot find -lpthreads
collect2: error: ld returned 1 exit status
CMakeFiles/cmTC_bd55b.dir/build.make:97: recipe for target 'cmTC_bd55b' failed
make[1]: *** [cmTC_bd55b] Error 1
make[1]: Leaving directory '/home/agustin/lidar_ws/build/rosserial_python/CMakeFiles/CMakeTmp'
Makefile:126: recipe for target 'cmTC_bd55b/fast' failed
make: *** [cmTC_bd55b/fast] Error 2


