Determining if the pthread_create exist failed with the following output:
Change Dir: /home/agustin/lidar_ws/build/rosserial_server/CMakeFiles/CMakeTmp

Run Build Command:"/usr/bin/make" "cmTC_51aef/fast"
/usr/bin/make -f CMakeFiles/cmTC_51aef.dir/build.make CMakeFiles/cmTC_51aef.dir/build
make[1]: Entering directory '/home/agustin/lidar_ws/build/rosserial_server/CMakeFiles/CMakeTmp'
Building C object CMakeFiles/cmTC_51aef.dir/CheckSymbolExists.c.o
/usr/bin/cc     -o CMakeFiles/cmTC_51aef.dir/CheckSymbolExists.c.o   -c /home/agustin/lidar_ws/build/rosserial_server/CMakeFiles/CMakeTmp/CheckSymbolExists.c
Linking C executable cmTC_51aef
/usr/bin/cmake -E cmake_link_script CMakeFiles/cmTC_51aef.dir/link.txt --verbose=1
/usr/bin/cc       CMakeFiles/cmTC_51aef.dir/CheckSymbolExists.c.o  -o cmTC_51aef -rdynamic 
CMakeFiles/cmTC_51aef.dir/CheckSymbolExists.c.o: In function `main':
CheckSymbolExists.c:(.text+0x16): undefined reference to `pthread_create'
collect2: error: ld returned 1 exit status
CMakeFiles/cmTC_51aef.dir/build.make:97: recipe for target 'cmTC_51aef' failed
make[1]: *** [cmTC_51aef] Error 1
make[1]: Leaving directory '/home/agustin/lidar_ws/build/rosserial_server/CMakeFiles/CMakeTmp'
Makefile:126: recipe for target 'cmTC_51aef/fast' failed
make: *** [cmTC_51aef/fast] Error 2

File /home/agustin/lidar_ws/build/rosserial_server/CMakeFiles/CMakeTmp/CheckSymbolExists.c:
/* */
#include <pthread.h>

int main(int argc, char** argv)
{
  (void)argv;
#ifndef pthread_create
  return ((int*)(&pthread_create))[argc];
#else
  (void)argc;
  return 0;
#endif
}

Determining if the function pthread_create exists in the pthreads failed with the following output:
Change Dir: /home/agustin/lidar_ws/build/rosserial_server/CMakeFiles/CMakeTmp

Run Build Command:"/usr/bin/make" "cmTC_c3bfb/fast"
/usr/bin/make -f CMakeFiles/cmTC_c3bfb.dir/build.make CMakeFiles/cmTC_c3bfb.dir/build
make[1]: Entering directory '/home/agustin/lidar_ws/build/rosserial_server/CMakeFiles/CMakeTmp'
Building C object CMakeFiles/cmTC_c3bfb.dir/CheckFunctionExists.c.o
/usr/bin/cc    -DCHECK_FUNCTION_EXISTS=pthread_create   -o CMakeFiles/cmTC_c3bfb.dir/CheckFunctionExists.c.o   -c /usr/share/cmake-3.5/Modules/CheckFunctionExists.c
Linking C executable cmTC_c3bfb
/usr/bin/cmake -E cmake_link_script CMakeFiles/cmTC_c3bfb.dir/link.txt --verbose=1
/usr/bin/cc   -DCHECK_FUNCTION_EXISTS=pthread_create    CMakeFiles/cmTC_c3bfb.dir/CheckFunctionExists.c.o  -o cmTC_c3bfb -rdynamic -lpthreads 
/usr/bin/ld: cannot find -lpthreads
collect2: error: ld returned 1 exit status
CMakeFiles/cmTC_c3bfb.dir/build.make:97: recipe for target 'cmTC_c3bfb' failed
make[1]: *** [cmTC_c3bfb] Error 1
make[1]: Leaving directory '/home/agustin/lidar_ws/build/rosserial_server/CMakeFiles/CMakeTmp'
Makefile:126: recipe for target 'cmTC_c3bfb/fast' failed
make: *** [cmTC_c3bfb/fast] Error 2


