[35m[1mScanning dependencies of target map_msgs_generate_messages_eus[0m
[35m[1mScanning dependencies of target map_msgs_generate_messages_lisp[0m
[35m[1mScanning dependencies of target tf_generate_messages_eus[0m
[35m[1mScanning dependencies of target map_msgs_generate_messages_nodejs[0m
[35m[1mScanning dependencies of target tf_generate_messages_py[0m
[35m[1mScanning dependencies of target visualization_msgs_generate_messages_py[0m
[35m[1mScanning dependencies of target actionlib_generate_messages_py[0m
[35m[1mScanning dependencies of target visualization_msgs_generate_messages_nodejs[0m
[35m[1mScanning dependencies of target cartographer_rviz_automoc[0m
[35m[1mScanning dependencies of target tf2_msgs_generate_messages_nodejs[0m
[35m[1mScanning dependencies of target actionlib_generate_messages_eus[0m
[35m[1mScanning dependencies of target tf2_msgs_generate_messages_lisp[0m
[  0%] Built target map_msgs_generate_messages_lisp
[  0%] Built target tf_generate_messages_eus
[  0%] Built target map_msgs_generate_messages_eus
[ 16%] Built target tf_generate_messages_py
[ 16%] [34m[1mAutomatic moc for target cartographer_rviz[0m
[ 16%] Built target map_msgs_generate_messages_nodejs
[ 16%] Built target visualization_msgs_generate_messages_nodejs
[ 16%] Built target visualization_msgs_generate_messages_py
[ 16%] Built target actionlib_generate_messages_py
[ 16%] Built target tf2_msgs_generate_messages_lisp
[ 16%] Built target actionlib_generate_messages_eus
[ 16%] Built target tf2_msgs_generate_messages_nodejs
[35m[1mScanning dependencies of target topic_tools_generate_messages_lisp[0m
[34m[1mGenerating moc_drawable_submap.cpp[0m
[35m[1mScanning dependencies of target tf2_msgs_generate_messages_eus[0m
[35m[1mScanning dependencies of target map_msgs_generate_messages_py[0m
[35m[1mScanning dependencies of target tf2_msgs_generate_messages_cpp[0m
[35m[1mScanning dependencies of target topic_tools_generate_messages_nodejs[0m
[35m[1mScanning dependencies of target std_srvs_generate_messages_cpp[0m
[35m[1mScanning dependencies of target topic_tools_generate_messages_eus[0m
[35m[1mScanning dependencies of target topic_tools_generate_messages_cpp[0m
[35m[1mScanning dependencies of target rosgraph_msgs_generate_messages_py[0m
[35m[1mScanning dependencies of target rosgraph_msgs_generate_messages_nodejs[0m
[35m[1mScanning dependencies of target tf_generate_messages_lisp[0m
[ 16%] Built target topic_tools_generate_messages_lisp
[ 16%] Built target tf2_msgs_generate_messages_cpp
[ 16%] Built target map_msgs_generate_messages_py
[ 16%] Built target std_srvs_generate_messages_cpp
[ 16%] Built target topic_tools_generate_messages_nodejs
[ 16%] Built target topic_tools_generate_messages_eus
[ 16%] Built target topic_tools_generate_messages_cpp
[ 16%] Built target tf2_msgs_generate_messages_eus
[ 16%] Built target rosgraph_msgs_generate_messages_nodejs
[ 16%] Built target rosgraph_msgs_generate_messages_py
[35m[1mScanning dependencies of target visualization_msgs_generate_messages_cpp[0m
[ 16%] Built target tf_generate_messages_lisp
[35m[1mScanning dependencies of target rosgraph_msgs_generate_messages_eus[0m
[35m[1mScanning dependencies of target rosgraph_msgs_generate_messages_lisp[0m
[35m[1mScanning dependencies of target std_srvs_generate_messages_lisp[0m
[35m[1mScanning dependencies of target std_srvs_generate_messages_py[0m
[35m[1mScanning dependencies of target nav_msgs_generate_messages_cpp[0m
[35m[1mScanning dependencies of target std_msgs_generate_messages_eus[0m
[35m[1mScanning dependencies of target roscpp_generate_messages_lisp[0m
[35m[1mScanning dependencies of target geometry_msgs_generate_messages_lisp[0m
[ 16%] Built target visualization_msgs_generate_messages_cpp
[ 16%] Built target rosgraph_msgs_generate_messages_eus
[35m[1mScanning dependencies of target std_msgs_generate_messages_lisp[0m
[ 16%] Built target rosgraph_msgs_generate_messages_lisp
[35m[1mScanning dependencies of target tf_generate_messages_nodejs[0m
[ 16%] Built target std_srvs_generate_messages_lisp
[ 16%] Built target nav_msgs_generate_messages_cpp
[ 16%] Built target std_srvs_generate_messages_py
[ 16%] Built target std_msgs_generate_messages_eus
[ 16%] Built target roscpp_generate_messages_lisp
[35m[1mScanning dependencies of target roscpp_generate_messages_py[0m
[ 16%] Built target geometry_msgs_generate_messages_lisp
[ 16%] Built target std_msgs_generate_messages_lisp
[35m[1mScanning dependencies of target nav_msgs_generate_messages_eus[0m
[35m[1mScanning dependencies of target actionlib_msgs_generate_messages_py[0m
[35m[1mScanning dependencies of target cartographer_ros_msgs_generate_messages_py[0m
[ 16%] Built target tf_generate_messages_nodejs
[35m[1mScanning dependencies of target geometry_msgs_generate_messages_eus[0m
[35m[1mScanning dependencies of target roscpp_generate_messages_cpp[0m
[35m[1mScanning dependencies of target geometry_msgs_generate_messages_cpp[0m
[35m[1mScanning dependencies of target pcl_msgs_generate_messages_lisp[0m
[35m[1mScanning dependencies of target tf_generate_messages_cpp[0m
[ 16%] Built target roscpp_generate_messages_py
[35m[1mScanning dependencies of target std_srvs_generate_messages_eus[0m
[35m[1mScanning dependencies of target sensor_msgs_generate_messages_nodejs[0m
[ 16%] Built target actionlib_msgs_generate_messages_py
[ 16%] Built target nav_msgs_generate_messages_eus
[ 16%] Built target cartographer_ros_msgs_generate_messages_py
[ 16%] Built target pcl_msgs_generate_messages_lisp
[ 16%] Built target roscpp_generate_messages_cpp
[ 16%] Built target geometry_msgs_generate_messages_eus
[ 16%] Built target geometry_msgs_generate_messages_cpp
[ 16%] Built target tf_generate_messages_cpp
[ 16%] Built target std_srvs_generate_messages_eus
[ 16%] Built target sensor_msgs_generate_messages_nodejs
[35m[1mScanning dependencies of target actionlib_generate_messages_lisp[0m
[35m[1mScanning dependencies of target roscpp_generate_messages_nodejs[0m
[35m[1mScanning dependencies of target actionlib_msgs_generate_messages_eus[0m
[35m[1mScanning dependencies of target cartographer_ros_msgs_generate_messages_lisp[0m
[35m[1mScanning dependencies of target cartographer_ros_msgs_generate_messages_nodejs[0m
[35m[1mScanning dependencies of target visualization_msgs_generate_messages_lisp[0m
[35m[1mScanning dependencies of target pcl_msgs_generate_messages_cpp[0m
[35m[1mScanning dependencies of target geometry_msgs_generate_messages_py[0m
[35m[1mScanning dependencies of target cartographer_ros_msgs_generate_messages_cpp[0m
[ 16%] Built target actionlib_msgs_generate_messages_eus
[ 16%] Built target actionlib_generate_messages_lisp
[35m[1mScanning dependencies of target geometry_msgs_generate_messages_nodejs[0m
[35m[1mScanning dependencies of target std_msgs_generate_messages_nodejs[0m
[ 16%] Built target roscpp_generate_messages_nodejs
[ 16%] Built target cartographer_ros_msgs_generate_messages_lisp
[ 16%] Built target cartographer_ros_msgs_generate_messages_cpp
[ 16%] Built target cartographer_ros_msgs_generate_messages_nodejs
[ 16%] Built target visualization_msgs_generate_messages_lisp
[ 16%] Built target pcl_msgs_generate_messages_cpp
[ 16%] Built target geometry_msgs_generate_messages_py
[35m[1mScanning dependencies of target cartographer_ros_msgs_generate_messages_eus[0m
[ 16%] Built target geometry_msgs_generate_messages_nodejs
[ 16%] Built target std_msgs_generate_messages_nodejs
[35m[1mScanning dependencies of target nav_msgs_generate_messages_lisp[0m
[35m[1mScanning dependencies of target std_msgs_generate_messages_py[0m
[35m[1mScanning dependencies of target nav_msgs_generate_messages_nodejs[0m
[35m[1mScanning dependencies of target visualization_msgs_generate_messages_eus[0m
[35m[1mScanning dependencies of target nav_msgs_generate_messages_py[0m
[35m[1mScanning dependencies of target _catkin_empty_exported_target[0m
[35m[1mScanning dependencies of target map_msgs_generate_messages_cpp[0m
[ 16%] Built target nav_msgs_generate_messages_lisp
[35m[1mScanning dependencies of target tf2_msgs_generate_messages_py[0m
[35m[1mScanning dependencies of target actionlib_msgs_generate_messages_lisp[0m
[ 16%] Built target cartographer_ros_msgs_generate_messages_eus
[35m[1mScanning dependencies of target topic_tools_generate_messages_py[0m
[ 16%] Built target std_msgs_generate_messages_py
[ 16%] Built target nav_msgs_generate_messages_nodejs
[ 16%] Built target visualization_msgs_generate_messages_eus
[ 16%] Built target _catkin_empty_exported_target
[ 16%] Built target nav_msgs_generate_messages_py
[ 16%] Built target tf2_msgs_generate_messages_py
[ 16%] Built target actionlib_msgs_generate_messages_lisp
[35m[1mScanning dependencies of target actionlib_msgs_generate_messages_nodejs[0m
[ 16%] Built target map_msgs_generate_messages_cpp
[35m[1mScanning dependencies of target rosgraph_msgs_generate_messages_cpp[0m
[ 16%] Built target topic_tools_generate_messages_py
[35m[1mScanning dependencies of target pcl_msgs_generate_messages_eus[0m
[35m[1mScanning dependencies of target std_srvs_generate_messages_nodejs[0m
[35m[1mScanning dependencies of target pcl_msgs_generate_messages_nodejs[0m
[35m[1mScanning dependencies of target actionlib_generate_messages_cpp[0m
[35m[1mScanning dependencies of target pcl_msgs_generate_messages_py[0m
[35m[1mScanning dependencies of target sensor_msgs_generate_messages_cpp[0m
[35m[1mScanning dependencies of target sensor_msgs_generate_messages_py[0m
[ 16%] Built target rosgraph_msgs_generate_messages_cpp
[ 16%] Built target actionlib_msgs_generate_messages_nodejs
[35m[1mScanning dependencies of target actionlib_generate_messages_nodejs[0m
[35m[1mScanning dependencies of target actionlib_msgs_generate_messages_cpp[0m
[ 16%] Built target pcl_msgs_generate_messages_eus
[ 16%] Built target std_srvs_generate_messages_nodejs
[ 16%] Built target actionlib_generate_messages_cpp
[ 16%] Built target pcl_msgs_generate_messages_nodejs
[ 16%] Built target pcl_msgs_generate_messages_py
[ 16%] Built target sensor_msgs_generate_messages_cpp
[ 16%] Built target actionlib_msgs_generate_messages_cpp
[ 16%] Built target sensor_msgs_generate_messages_py
[35m[1mScanning dependencies of target std_msgs_generate_messages_cpp[0m
[ 16%] Built target actionlib_generate_messages_nodejs
[35m[1mScanning dependencies of target sensor_msgs_generate_messages_eus[0m
[35m[1mScanning dependencies of target roscpp_generate_messages_eus[0m
[35m[1mScanning dependencies of target sensor_msgs_generate_messages_lisp[0m
[ 16%] Built target std_msgs_generate_messages_cpp
[35m[1mScanning dependencies of target cartographer_rviz_detect_changes[0m
[ 16%] Built target roscpp_generate_messages_eus
[ 16%] Built target sensor_msgs_generate_messages_eus
[ 16%] Built target sensor_msgs_generate_messages_lisp
[ 16%] Built target cartographer_rviz_detect_changes
[34m[1mGenerating moc_submaps_display.cpp[0m
[ 16%] Built target cartographer_rviz_automoc
[35m[1mScanning dependencies of target cartographer_rviz[0m
[ 33%] [32mBuilding CXX object CMakeFiles/cartographer_rviz.dir/cartographer_rviz/submaps_display.cc.o[0m
[ 50%] [32mBuilding CXX object CMakeFiles/cartographer_rviz.dir/cartographer_rviz/ogre_slice.cc.o[0m
[ 66%] [32mBuilding CXX object CMakeFiles/cartographer_rviz.dir/cartographer_rviz/drawable_submap.cc.o[0m
[ 83%] [32mBuilding CXX object CMakeFiles/cartographer_rviz.dir/cartographer_rviz_automoc.cpp.o[0m
[100%] [32m[1mLinking CXX shared library /home/agustin/lidar_ws/devel/.private/cartographer_rviz/lib/libcartographer_rviz.so[0m
[100%] Built target cartographer_rviz
