[  0%] Built target map_msgs_generate_messages_lisp
[  0%] Built target map_msgs_generate_messages_nodejs
[  0%] Built target map_msgs_generate_messages_eus
[ 16%] [34m[1mAutomatic moc for target cartographer_rviz[0m
[ 16%] Built target tf_generate_messages_py
[ 16%] Built target tf_generate_messages_eus
[ 16%] Built target visualization_msgs_generate_messages_py
[ 16%] Built target visualization_msgs_generate_messages_nodejs
[ 16%] Built target actionlib_generate_messages_py
[ 16%] Built target actionlib_generate_messages_eus
[ 16%] Built target tf2_msgs_generate_messages_lisp
[ 16%] Built target map_msgs_generate_messages_py
[ 16%] Built target tf2_msgs_generate_messages_nodejs
[ 16%] Built target tf2_msgs_generate_messages_eus
[ 16%] Built target tf2_msgs_generate_messages_cpp
[ 16%] Built target topic_tools_generate_messages_nodejs
[ 16%] Built target topic_tools_generate_messages_lisp
[ 16%] Built target topic_tools_generate_messages_eus
[ 16%] Built target cartographer_rviz_automoc
[ 16%] Built target std_srvs_generate_messages_cpp
[ 16%] Built target tf_generate_messages_lisp
[ 16%] Built target topic_tools_generate_messages_cpp
[ 16%] Built target rosgraph_msgs_generate_messages_nodejs
[ 16%] Built target rosgraph_msgs_generate_messages_py
[ 16%] Built target visualization_msgs_generate_messages_cpp
[ 16%] Built target rosgraph_msgs_generate_messages_eus
[ 16%] Built target rosgraph_msgs_generate_messages_lisp
[ 16%] Built target nav_msgs_generate_messages_cpp
[ 16%] Built target std_srvs_generate_messages_py
[ 16%] Built target std_srvs_generate_messages_lisp
[ 16%] Built target std_msgs_generate_messages_eus
[ 16%] Built target roscpp_generate_messages_lisp
[ 16%] Built target geometry_msgs_generate_messages_lisp
[ 16%] Built target tf_generate_messages_nodejs
[ 16%] Built target std_msgs_generate_messages_lisp
[ 16%] Built target roscpp_generate_messages_py
[ 16%] Built target nav_msgs_generate_messages_eus
[ 16%] Built target cartographer_ros_msgs_generate_messages_py
[ 16%] Built target geometry_msgs_generate_messages_eus
[ 16%] Built target actionlib_msgs_generate_messages_py
[ 16%] Built target roscpp_generate_messages_cpp
[ 16%] Built target geometry_msgs_generate_messages_cpp
[ 16%] Built target pcl_msgs_generate_messages_lisp
[ 16%] Built target std_srvs_generate_messages_eus
[ 16%] Built target actionlib_msgs_generate_messages_eus
[ 16%] Built target sensor_msgs_generate_messages_nodejs
[ 16%] Built target actionlib_generate_messages_lisp
[ 16%] Built target tf_generate_messages_cpp
[ 16%] Built target roscpp_generate_messages_nodejs
[ 16%] Built target cartographer_ros_msgs_generate_messages_lisp
[ 16%] Built target visualization_msgs_generate_messages_lisp
[ 16%] Built target cartographer_ros_msgs_generate_messages_cpp
[ 16%] Built target geometry_msgs_generate_messages_py
[ 16%] Built target pcl_msgs_generate_messages_cpp
[ 16%] Built target cartographer_ros_msgs_generate_messages_nodejs
[ 16%] Built target std_msgs_generate_messages_nodejs
[ 16%] Built target nav_msgs_generate_messages_nodejs
[ 16%] Built target nav_msgs_generate_messages_lisp
[ 16%] Built target nav_msgs_generate_messages_py
[ 16%] Built target geometry_msgs_generate_messages_nodejs
[ 16%] Built target std_msgs_generate_messages_py
[ 16%] Built target cartographer_ros_msgs_generate_messages_eus
[ 16%] Built target map_msgs_generate_messages_cpp
[ 16%] Built target visualization_msgs_generate_messages_eus
[ 16%] Built target _catkin_empty_exported_target
[ 16%] Built target tf2_msgs_generate_messages_py
[ 16%] Built target topic_tools_generate_messages_py
[ 16%] Built target actionlib_msgs_generate_messages_lisp
[ 16%] Built target actionlib_msgs_generate_messages_nodejs
[ 16%] Built target pcl_msgs_generate_messages_nodejs
[ 16%] Built target rosgraph_msgs_generate_messages_cpp
[ 16%] Built target pcl_msgs_generate_messages_eus
[ 16%] Built target std_srvs_generate_messages_nodejs
[ 16%] Built target pcl_msgs_generate_messages_py
[ 16%] Built target actionlib_generate_messages_cpp
[ 16%] Built target actionlib_generate_messages_nodejs
[ 16%] Built target sensor_msgs_generate_messages_cpp
[ 16%] Built target sensor_msgs_generate_messages_py
[ 16%] Built target actionlib_msgs_generate_messages_cpp
[ 16%] Built target sensor_msgs_generate_messages_lisp
[ 16%] Built target roscpp_generate_messages_eus
[ 16%] Built target sensor_msgs_generate_messages_eus
[ 16%] Built target std_msgs_generate_messages_cpp
[ 16%] Built target cartographer_rviz_detect_changes
[100%] Built target cartographer_rviz
