Determining if the pthread_create exist failed with the following output:
Change Dir: /home/agustin/lidar_ws/build/cartographer_ros/CMakeFiles/CMakeTmp

Run Build Command:"/usr/bin/make" "cmTC_828b1/fast"
/usr/bin/make -f CMakeFiles/cmTC_828b1.dir/build.make CMakeFiles/cmTC_828b1.dir/build
make[1]: Entering directory '/home/agustin/lidar_ws/build/cartographer_ros/CMakeFiles/CMakeTmp'
Building C object CMakeFiles/cmTC_828b1.dir/CheckSymbolExists.c.o
/usr/bin/cc     -o CMakeFiles/cmTC_828b1.dir/CheckSymbolExists.c.o   -c /home/agustin/lidar_ws/build/cartographer_ros/CMakeFiles/CMakeTmp/CheckSymbolExists.c
Linking C executable cmTC_828b1
/usr/bin/cmake -E cmake_link_script CMakeFiles/cmTC_828b1.dir/link.txt --verbose=1
/usr/bin/cc       CMakeFiles/cmTC_828b1.dir/CheckSymbolExists.c.o  -o cmTC_828b1 -rdynamic 
CMakeFiles/cmTC_828b1.dir/CheckSymbolExists.c.o: In function `main':
CheckSymbolExists.c:(.text+0x16): undefined reference to `pthread_create'
collect2: error: ld returned 1 exit status
CMakeFiles/cmTC_828b1.dir/build.make:97: recipe for target 'cmTC_828b1' failed
make[1]: *** [cmTC_828b1] Error 1
make[1]: Leaving directory '/home/agustin/lidar_ws/build/cartographer_ros/CMakeFiles/CMakeTmp'
Makefile:126: recipe for target 'cmTC_828b1/fast' failed
make: *** [cmTC_828b1/fast] Error 2

File /home/agustin/lidar_ws/build/cartographer_ros/CMakeFiles/CMakeTmp/CheckSymbolExists.c:
/* */
#include <pthread.h>

int main(int argc, char** argv)
{
  (void)argv;
#ifndef pthread_create
  return ((int*)(&pthread_create))[argc];
#else
  (void)argc;
  return 0;
#endif
}

Determining if the function pthread_create exists in the pthreads failed with the following output:
Change Dir: /home/agustin/lidar_ws/build/cartographer_ros/CMakeFiles/CMakeTmp

Run Build Command:"/usr/bin/make" "cmTC_8ed0b/fast"
/usr/bin/make -f CMakeFiles/cmTC_8ed0b.dir/build.make CMakeFiles/cmTC_8ed0b.dir/build
make[1]: Entering directory '/home/agustin/lidar_ws/build/cartographer_ros/CMakeFiles/CMakeTmp'
Building C object CMakeFiles/cmTC_8ed0b.dir/CheckFunctionExists.c.o
/usr/bin/cc    -DCHECK_FUNCTION_EXISTS=pthread_create   -o CMakeFiles/cmTC_8ed0b.dir/CheckFunctionExists.c.o   -c /usr/share/cmake-3.5/Modules/CheckFunctionExists.c
Linking C executable cmTC_8ed0b
/usr/bin/cmake -E cmake_link_script CMakeFiles/cmTC_8ed0b.dir/link.txt --verbose=1
/usr/bin/cc   -DCHECK_FUNCTION_EXISTS=pthread_create    CMakeFiles/cmTC_8ed0b.dir/CheckFunctionExists.c.o  -o cmTC_8ed0b -rdynamic -lpthreads 
/usr/bin/ld: cannot find -lpthreads
collect2: error: ld returned 1 exit status
CMakeFiles/cmTC_8ed0b.dir/build.make:97: recipe for target 'cmTC_8ed0b' failed
make[1]: *** [cmTC_8ed0b] Error 1
make[1]: Leaving directory '/home/agustin/lidar_ws/build/cartographer_ros/CMakeFiles/CMakeTmp'
Makefile:126: recipe for target 'cmTC_8ed0b/fast' failed
make: *** [cmTC_8ed0b/fast] Error 2


