Determining if the pthread_create exist failed with the following output:
Change Dir: /home/agustin/zed_ws/build/CMakeFiles/CMakeTmp

Run Build Command:"/usr/bin/make" "cmTC_0a354/fast"
/usr/bin/make -f CMakeFiles/cmTC_0a354.dir/build.make CMakeFiles/cmTC_0a354.dir/build
make[1]: Entering directory '/home/agustin/zed_ws/build/CMakeFiles/CMakeTmp'
Building C object CMakeFiles/cmTC_0a354.dir/CheckSymbolExists.c.o
/usr/bin/cc     -o CMakeFiles/cmTC_0a354.dir/CheckSymbolExists.c.o   -c /home/agustin/zed_ws/build/CMakeFiles/CMakeTmp/CheckSymbolExists.c
Linking C executable cmTC_0a354
/usr/bin/cmake -E cmake_link_script CMakeFiles/cmTC_0a354.dir/link.txt --verbose=1
/usr/bin/cc       CMakeFiles/cmTC_0a354.dir/CheckSymbolExists.c.o  -o cmTC_0a354 -rdynamic 
CMakeFiles/cmTC_0a354.dir/CheckSymbolExists.c.o: In function `main':
CheckSymbolExists.c:(.text+0x16): undefined reference to `pthread_create'
collect2: error: ld returned 1 exit status
CMakeFiles/cmTC_0a354.dir/build.make:97: recipe for target 'cmTC_0a354' failed
make[1]: *** [cmTC_0a354] Error 1
make[1]: Leaving directory '/home/agustin/zed_ws/build/CMakeFiles/CMakeTmp'
Makefile:126: recipe for target 'cmTC_0a354/fast' failed
make: *** [cmTC_0a354/fast] Error 2

File /home/agustin/zed_ws/build/CMakeFiles/CMakeTmp/CheckSymbolExists.c:
/* */
#include <pthread.h>

int main(int argc, char** argv)
{
  (void)argv;
#ifndef pthread_create
  return ((int*)(&pthread_create))[argc];
#else
  (void)argc;
  return 0;
#endif
}

Determining if the function pthread_create exists in the pthreads failed with the following output:
Change Dir: /home/agustin/zed_ws/build/CMakeFiles/CMakeTmp

Run Build Command:"/usr/bin/make" "cmTC_48b26/fast"
/usr/bin/make -f CMakeFiles/cmTC_48b26.dir/build.make CMakeFiles/cmTC_48b26.dir/build
make[1]: Entering directory '/home/agustin/zed_ws/build/CMakeFiles/CMakeTmp'
Building C object CMakeFiles/cmTC_48b26.dir/CheckFunctionExists.c.o
/usr/bin/cc    -DCHECK_FUNCTION_EXISTS=pthread_create   -o CMakeFiles/cmTC_48b26.dir/CheckFunctionExists.c.o   -c /usr/share/cmake-3.5/Modules/CheckFunctionExists.c
Linking C executable cmTC_48b26
/usr/bin/cmake -E cmake_link_script CMakeFiles/cmTC_48b26.dir/link.txt --verbose=1
/usr/bin/cc   -DCHECK_FUNCTION_EXISTS=pthread_create    CMakeFiles/cmTC_48b26.dir/CheckFunctionExists.c.o  -o cmTC_48b26 -rdynamic -lpthreads 
/usr/bin/ld: cannot find -lpthreads
collect2: error: ld returned 1 exit status
CMakeFiles/cmTC_48b26.dir/build.make:97: recipe for target 'cmTC_48b26' failed
make[1]: *** [cmTC_48b26] Error 1
make[1]: Leaving directory '/home/agustin/zed_ws/build/CMakeFiles/CMakeTmp'
Makefile:126: recipe for target 'cmTC_48b26/fast' failed
make: *** [cmTC_48b26/fast] Error 2


