[35m[1mScanning dependencies of target _cartographer_ros_msgs_generate_messages_check_deps_WriteState[0m
[35m[1mScanning dependencies of target _cartographer_ros_msgs_generate_messages_check_deps_LandmarkList[0m
[35m[1mScanning dependencies of target _cartographer_ros_msgs_generate_messages_check_deps_SubmapQuery[0m
[35m[1mScanning dependencies of target geometry_msgs_generate_messages_nodejs[0m
[35m[1mScanning dependencies of target _cartographer_ros_msgs_generate_messages_check_deps_TrajectoryOptions[0m
[35m[1mScanning dependencies of target _cartographer_ros_msgs_generate_messages_check_deps_SubmapList[0m
[35m[1mScanning dependencies of target _cartographer_ros_msgs_generate_messages_check_deps_LandmarkEntry[0m
[35m[1mScanning dependencies of target _cartographer_ros_msgs_generate_messages_check_deps_SubmapTexture[0m
[35m[1mScanning dependencies of target std_msgs_generate_messages_nodejs[0m
[  0%] Built target std_msgs_generate_messages_nodejs
[  0%] Built target geometry_msgs_generate_messages_nodejs
[35m[1mScanning dependencies of target _cartographer_ros_msgs_generate_messages_check_deps_SubmapEntry[0m
[35m[1mScanning dependencies of target _cartographer_ros_msgs_generate_messages_check_deps_FinishTrajectory[0m
[  0%] Built target _cartographer_ros_msgs_generate_messages_check_deps_SubmapQuery
[  0%] Built target _cartographer_ros_msgs_generate_messages_check_deps_LandmarkEntry
[  0%] Built target _cartographer_ros_msgs_generate_messages_check_deps_WriteState
[  0%] Built target _cartographer_ros_msgs_generate_messages_check_deps_TrajectoryOptions
[  0%] Built target _cartographer_ros_msgs_generate_messages_check_deps_SubmapTexture
[  0%] Built target _cartographer_ros_msgs_generate_messages_check_deps_SubmapList
[  0%] Built target _cartographer_ros_msgs_generate_messages_check_deps_LandmarkList
[35m[1mScanning dependencies of target _cartographer_ros_msgs_generate_messages_check_deps_SensorTopics[0m
[35m[1mScanning dependencies of target _cartographer_ros_msgs_generate_messages_check_deps_StatusCode[0m
[35m[1mScanning dependencies of target _cartographer_ros_msgs_generate_messages_check_deps_StartTrajectory[0m
[35m[1mScanning dependencies of target _cartographer_ros_msgs_generate_messages_check_deps_StatusResponse[0m
[35m[1mScanning dependencies of target std_msgs_generate_messages_lisp[0m
[35m[1mScanning dependencies of target geometry_msgs_generate_messages_lisp[0m
[  0%] Built target _cartographer_ros_msgs_generate_messages_check_deps_SubmapEntry
[35m[1mScanning dependencies of target geometry_msgs_generate_messages_py[0m
[  0%] Built target _cartographer_ros_msgs_generate_messages_check_deps_FinishTrajectory
[  0%] Built target std_msgs_generate_messages_lisp
[35m[1mScanning dependencies of target std_msgs_generate_messages_py[0m
[  0%] Built target geometry_msgs_generate_messages_py
[  0%] Built target geometry_msgs_generate_messages_lisp
[35m[1mScanning dependencies of target std_msgs_generate_messages_eus[0m
[35m[1mScanning dependencies of target geometry_msgs_generate_messages_eus[0m
[  0%] Built target std_msgs_generate_messages_py
[35m[1mScanning dependencies of target std_msgs_generate_messages_cpp[0m
[  0%] Built target std_msgs_generate_messages_eus
[  0%] Built target std_msgs_generate_messages_cpp
[  0%] Built target _cartographer_ros_msgs_generate_messages_check_deps_StatusCode
[35m[1mScanning dependencies of target geometry_msgs_generate_messages_cpp[0m
[  0%] Built target geometry_msgs_generate_messages_eus
[  0%] Built target _cartographer_ros_msgs_generate_messages_check_deps_StatusResponse
[  0%] Built target _cartographer_ros_msgs_generate_messages_check_deps_SensorTopics
[  0%] Built target _cartographer_ros_msgs_generate_messages_check_deps_StartTrajectory
[  0%] Built target geometry_msgs_generate_messages_cpp
[35m[1mScanning dependencies of target cartographer_ros_msgs_generate_messages_lisp[0m
[35m[1mScanning dependencies of target cartographer_ros_msgs_generate_messages_py[0m
[35m[1mScanning dependencies of target cartographer_ros_msgs_generate_messages_nodejs[0m
[35m[1mScanning dependencies of target cartographer_ros_msgs_generate_messages_eus[0m
[35m[1mScanning dependencies of target cartographer_ros_msgs_generate_messages_cpp[0m
[  1%] [34m[1mGenerating Lisp code from cartographer_ros_msgs/LandmarkList.msg[0m
[  2%] [34m[1mGenerating Lisp code from cartographer_ros_msgs/LandmarkEntry.msg[0m
[  4%] [34m[1mGenerating Javascript code from cartographer_ros_msgs/LandmarkEntry.msg[0m
[  5%] [34m[1mGenerating Lisp code from cartographer_ros_msgs/TrajectoryOptions.msg[0m
[  7%] [34m[1mGenerating Python from MSG cartographer_ros_msgs/LandmarkEntry[0m
[  8%] [34m[1mGenerating Lisp code from cartographer_ros_msgs/SubmapList.msg[0m
[ 10%] [34m[1mGenerating EusLisp code from cartographer_ros_msgs/LandmarkEntry.msg[0m
[ 11%] [34m[1mGenerating C++ code from cartographer_ros_msgs/LandmarkEntry.msg[0m
[ 13%] [34m[1mGenerating EusLisp code from cartographer_ros_msgs/LandmarkList.msg[0m
[ 14%] [34m[1mGenerating Javascript code from cartographer_ros_msgs/LandmarkList.msg[0m
[ 16%] [34m[1mGenerating C++ code from cartographer_ros_msgs/LandmarkList.msg[0m
[ 17%] [34m[1mGenerating Javascript code from cartographer_ros_msgs/SubmapList.msg[0m
[ 19%] [34m[1mGenerating Python from MSG cartographer_ros_msgs/LandmarkList[0m
[ 20%] [34m[1mGenerating EusLisp code from cartographer_ros_msgs/SubmapList.msg[0m
[ 22%] [34m[1mGenerating Python from MSG cartographer_ros_msgs/SubmapList[0m
[ 23%] [34m[1mGenerating Javascript code from cartographer_ros_msgs/TrajectoryOptions.msg[0m
[ 25%] [34m[1mGenerating Python from MSG cartographer_ros_msgs/TrajectoryOptions[0m
[ 26%] [34m[1mGenerating Lisp code from cartographer_ros_msgs/SubmapTexture.msg[0m
[ 27%] [34m[1mGenerating Javascript code from cartographer_ros_msgs/SubmapTexture.msg[0m
[ 29%] [34m[1mGenerating EusLisp code from cartographer_ros_msgs/TrajectoryOptions.msg[0m
[ 30%] [34m[1mGenerating EusLisp code from cartographer_ros_msgs/SubmapTexture.msg[0m
[ 32%] [34m[1mGenerating C++ code from cartographer_ros_msgs/SubmapList.msg[0m
[ 33%] [34m[1mGenerating C++ code from cartographer_ros_msgs/TrajectoryOptions.msg[0m
[ 35%] [34m[1mGenerating C++ code from cartographer_ros_msgs/SubmapTexture.msg[0m
[ 36%] [34m[1mGenerating Python from MSG cartographer_ros_msgs/SubmapTexture[0m
[ 38%] [34m[1mGenerating EusLisp code from cartographer_ros_msgs/SubmapEntry.msg[0m
[ 39%] [34m[1mGenerating Lisp code from cartographer_ros_msgs/StatusResponse.msg[0m
[ 41%] [34m[1mGenerating Lisp code from cartographer_ros_msgs/SubmapEntry.msg[0m
[ 42%] [34m[1mGenerating Javascript code from cartographer_ros_msgs/SubmapEntry.msg[0m
[ 44%] [34m[1mGenerating EusLisp code from cartographer_ros_msgs/StatusResponse.msg[0m
[ 45%] [34m[1mGenerating EusLisp code from cartographer_ros_msgs/SensorTopics.msg[0m
[ 47%] [34m[1mGenerating EusLisp code from cartographer_ros_msgs/StatusCode.msg[0m
[ 48%] [34m[1mGenerating Javascript code from cartographer_ros_msgs/StatusResponse.msg[0m
[ 50%] [34m[1mGenerating Python from MSG cartographer_ros_msgs/SubmapEntry[0m
[ 51%] [34m[1mGenerating Python from MSG cartographer_ros_msgs/StatusResponse[0m
[ 52%] [34m[1mGenerating Python from MSG cartographer_ros_msgs/SensorTopics[0m
[ 54%] [34m[1mGenerating Lisp code from cartographer_ros_msgs/SensorTopics.msg[0m
[ 55%] [34m[1mGenerating Javascript code from cartographer_ros_msgs/SensorTopics.msg[0m
[ 57%] [34m[1mGenerating Python from MSG cartographer_ros_msgs/StatusCode[0m
[ 58%] [34m[1mGenerating C++ code from cartographer_ros_msgs/SubmapEntry.msg[0m
[ 60%] [34m[1mGenerating EusLisp code from cartographer_ros_msgs/SubmapQuery.srv[0m
[ 61%] [34m[1mGenerating EusLisp code from cartographer_ros_msgs/StartTrajectory.srv[0m
[ 63%] [34m[1mGenerating C++ code from cartographer_ros_msgs/StatusResponse.msg[0m
[ 64%] [34m[1mGenerating EusLisp code from cartographer_ros_msgs/WriteState.srv[0m
[ 66%] [34m[1mGenerating Lisp code from cartographer_ros_msgs/StatusCode.msg[0m
[ 67%] [34m[1mGenerating Python code from SRV cartographer_ros_msgs/SubmapQuery[0m
[ 69%] [34m[1mGenerating Python code from SRV cartographer_ros_msgs/StartTrajectory[0m
[ 70%] [34m[1mGenerating EusLisp code from cartographer_ros_msgs/FinishTrajectory.srv[0m
[ 72%] [34m[1mGenerating C++ code from cartographer_ros_msgs/SensorTopics.msg[0m
[ 73%] [34m[1mGenerating EusLisp manifest code for cartographer_ros_msgs[0m
[ 75%] [34m[1mGenerating C++ code from cartographer_ros_msgs/StatusCode.msg[0m
[ 76%] [34m[1mGenerating C++ code from cartographer_ros_msgs/SubmapQuery.srv[0m
[ 77%] [34m[1mGenerating Python code from SRV cartographer_ros_msgs/WriteState[0m
[ 79%] [34m[1mGenerating Python code from SRV cartographer_ros_msgs/FinishTrajectory[0m
[ 80%] [34m[1mGenerating Python msg __init__.py for cartographer_ros_msgs[0m
[ 82%] [34m[1mGenerating Python srv __init__.py for cartographer_ros_msgs[0m
[ 82%] Built target cartographer_ros_msgs_generate_messages_py
[ 83%] [34m[1mGenerating C++ code from cartographer_ros_msgs/StartTrajectory.srv[0m
[ 85%] [34m[1mGenerating C++ code from cartographer_ros_msgs/WriteState.srv[0m
[ 86%] [34m[1mGenerating Lisp code from cartographer_ros_msgs/SubmapQuery.srv[0m
[ 88%] [34m[1mGenerating Javascript code from cartographer_ros_msgs/StatusCode.msg[0m
[ 89%] [34m[1mGenerating Javascript code from cartographer_ros_msgs/SubmapQuery.srv[0m
[ 91%] [34m[1mGenerating C++ code from cartographer_ros_msgs/FinishTrajectory.srv[0m
[ 92%] [34m[1mGenerating Lisp code from cartographer_ros_msgs/StartTrajectory.srv[0m
[ 94%] [34m[1mGenerating Lisp code from cartographer_ros_msgs/WriteState.srv[0m
[ 95%] [34m[1mGenerating Javascript code from cartographer_ros_msgs/StartTrajectory.srv[0m
[ 95%] Built target cartographer_ros_msgs_generate_messages_eus
[ 97%] [34m[1mGenerating Lisp code from cartographer_ros_msgs/FinishTrajectory.srv[0m
[ 97%] Built target cartographer_ros_msgs_generate_messages_cpp
[ 98%] [34m[1mGenerating Javascript code from cartographer_ros_msgs/WriteState.srv[0m
[100%] [34m[1mGenerating Javascript code from cartographer_ros_msgs/FinishTrajectory.srv[0m
[100%] Built target cartographer_ros_msgs_generate_messages_lisp
[100%] Built target cartographer_ros_msgs_generate_messages_nodejs
[35m[1mScanning dependencies of target cartographer_ros_msgs_generate_messages[0m
[100%] Built target cartographer_ros_msgs_generate_messages
